ARM GAS  C:\Users\PRAJWA~1\AppData\Local\Temp\ccfQCuPW.s 			page 1


   1              		.syntax unified
   2              		.cpu cortex-m0
   3              		.fpu softvfp
   4              		.eabi_attribute 20, 1
   5              		.eabi_attribute 21, 1
   6              		.eabi_attribute 23, 3
   7              		.eabi_attribute 24, 1
   8              		.eabi_attribute 25, 1
   9              		.eabi_attribute 26, 1
  10              		.eabi_attribute 30, 1
  11              		.eabi_attribute 34, 0
  12              		.eabi_attribute 18, 4
  13              		.thumb
  14              		.syntax unified
  15              		.file	"main.c"
  16              		.text
  17              	.Ltext0:
  18              		.cfi_sections	.debug_frame
  19              		.section	.text._write,"ax",%progbits
  20              		.align	2
  21              		.global	_write
  22              		.code	16
  23              		.thumb_func
  24              		.type	_write, %function
  25              	_write:
  26              	.LFB35:
  27              		.file 1 "main.c"
   1:main.c        **** /* ========================================
   2:main.c        ****  *
   3:main.c        ****  * Copyright YOUR COMPANY, THE YEAR
   4:main.c        ****  * All Rights Reserved
   5:main.c        ****  * UNPUBLISHED, LICENSED SOFTWARE.
   6:main.c        ****  *
   7:main.c        ****  * CONFIDENTIAL AND PROPRIETARY INFORMATION
   8:main.c        ****  * WHICH IS THE PROPERTY OF your company.
   9:main.c        ****  *
  10:main.c        ****  * ========================================
  11:main.c        **** */
  12:main.c        **** #include "project.h"
  13:main.c        **** #include "stdio.h"
  14:main.c        **** 
  15:main.c        **** 
  16:main.c        ****  /********************************
  17:main.c        ****  ***START printf() ACCOMODATION***
  18:main.c        ****  *********************************/
  19:main.c        ****  int _write(int file, char *ptr, int len)
  20:main.c        ****  {
  28              		.loc 1 20 0
  29              		.cfi_startproc
  30              		@ args = 0, pretend = 0, frame = 0
  31              		@ frame_needed = 0, uses_anonymous_args = 0
  32              	.LVL0:
  33 0000 70B5     		push	{r4, r5, r6, lr}
  34              		.cfi_def_cfa_offset 16
  35              		.cfi_offset 4, -16
  36              		.cfi_offset 5, -12
  37              		.cfi_offset 6, -8
ARM GAS  C:\Users\PRAJWA~1\AppData\Local\Temp\ccfQCuPW.s 			page 2


  38              		.cfi_offset 14, -4
  39 0002 1600     		movs	r6, r2
  40              	.LVL1:
  21:main.c        ****      (void) file ;
  22:main.c        ****      int i ;
  23:main.c        ****      for (i = 0 ; i < len ; i++) {
  41              		.loc 1 23 0
  42 0004 0024     		movs	r4, #0
  43 0006 05E0     		b	.L2
  44              	.LVL2:
  45              	.L3:
  24:main.c        ****          UART_UartPutChar(*ptr++) ;
  46              		.loc 1 24 0 discriminator 3
  47 0008 4D1C     		adds	r5, r1, #1
  48              	.LVL3:
  49 000a 0878     		ldrb	r0, [r1]
  50 000c FFF7FEFF 		bl	UART_SpiUartWriteTxData
  51              	.LVL4:
  23:main.c        ****          UART_UartPutChar(*ptr++) ;
  52              		.loc 1 23 0 discriminator 3
  53 0010 0134     		adds	r4, r4, #1
  54              	.LVL5:
  55              		.loc 1 24 0 discriminator 3
  56 0012 2900     		movs	r1, r5
  57              	.LVL6:
  58              	.L2:
  23:main.c        ****          UART_UartPutChar(*ptr++) ;
  59              		.loc 1 23 0 discriminator 1
  60 0014 B442     		cmp	r4, r6
  61 0016 F7DB     		blt	.L3
  25:main.c        ****      }
  26:main.c        ****      return len ;
  27:main.c        ****  }
  62              		.loc 1 27 0
  63 0018 3000     		movs	r0, r6
  64              		@ sp needed
  65              	.LVL7:
  66              	.LVL8:
  67 001a 70BD     		pop	{r4, r5, r6, pc}
  68              		.cfi_endproc
  69              	.LFE35:
  70              		.size	_write, .-_write
  71              		.section	.text.setmux,"ax",%progbits
  72              		.align	2
  73              		.global	setmux
  74              		.code	16
  75              		.thumb_func
  76              		.type	setmux, %function
  77              	setmux:
  78              	.LFB36:
  28:main.c        **** /********************************
  29:main.c        ****  ****END printf() ACCOMODATION****
  30:main.c        ****  *********************************/
  31:main.c        **** 
  32:main.c        **** 
  33:main.c        **** # define I1  0
  34:main.c        **** # define I2  1
ARM GAS  C:\Users\PRAJWA~1\AppData\Local\Temp\ccfQCuPW.s 			page 3


  35:main.c        **** # define I3  2
  36:main.c        **** # define I4  3
  37:main.c        **** # define I5  4
  38:main.c        **** # define I6  5
  39:main.c        **** # define I7  6
  40:main.c        **** # define I8  7
  41:main.c        **** # define I9  8
  42:main.c        **** # define I10 9
  43:main.c        **** # define I11 10
  44:main.c        **** # define I12 11
  45:main.c        **** # define I13 12
  46:main.c        **** # define I14 13
  47:main.c        **** # define I15 14
  48:main.c        **** # define I16 15
  49:main.c        **** 
  50:main.c        **** void setmux(int a){
  79              		.loc 1 50 0
  80              		.cfi_startproc
  81              		@ args = 0, pretend = 0, frame = 0
  82              		@ frame_needed = 0, uses_anonymous_args = 0
  83              	.LVL9:
  84 0000 10B5     		push	{r4, lr}
  85              		.cfi_def_cfa_offset 8
  86              		.cfi_offset 4, -8
  87              		.cfi_offset 14, -4
  51:main.c        ****     switch(a){
  88              		.loc 1 51 0
  89 0002 0F28     		cmp	r0, #15
  90 0004 00D9     		bls	.LCB64
  91 0006 D2E0     		b	.L4	@long jump
  92              	.LCB64:
  93 0008 8000     		lsls	r0, r0, #2
  94              	.LVL10:
  95 000a 694B     		ldr	r3, .L23
  96 000c 1B58     		ldr	r3, [r3, r0]
  97 000e 9F46     		mov	pc, r3
  98              		.section	.rodata
  99              		.align	2
 100              	.L7:
 101 0000 10000000 		.word	.L6
 102 0004 2A000000 		.word	.L8
 103 0008 44000000 		.word	.L9
 104 000c 5E000000 		.word	.L10
 105 0010 78000000 		.word	.L11
 106 0014 92000000 		.word	.L12
 107 0018 AC000000 		.word	.L13
 108 001c C6000000 		.word	.L14
 109 0020 E0000000 		.word	.L15
 110 0024 FA000000 		.word	.L16
 111 0028 14010000 		.word	.L17
 112 002c 2E010000 		.word	.L18
 113 0030 48010000 		.word	.L19
 114 0034 62010000 		.word	.L20
 115 0038 7C010000 		.word	.L21
 116 003c 96010000 		.word	.L22
 117              		.section	.text.setmux
 118              	.L6:
ARM GAS  C:\Users\PRAJWA~1\AppData\Local\Temp\ccfQCuPW.s 			page 4


  52:main.c        ****         case  I1:    S3_Write(0);   S2_Write(0);    S1_Write(0);    S0_Write(0);     break;
 119              		.loc 1 52 0
 120 0010 0020     		movs	r0, #0
 121 0012 FFF7FEFF 		bl	S3_Write
 122              	.LVL11:
 123 0016 0020     		movs	r0, #0
 124 0018 FFF7FEFF 		bl	S2_Write
 125              	.LVL12:
 126 001c 0020     		movs	r0, #0
 127 001e FFF7FEFF 		bl	S1_Write
 128              	.LVL13:
 129 0022 0020     		movs	r0, #0
 130 0024 FFF7FEFF 		bl	S0_Write
 131              	.LVL14:
 132 0028 C1E0     		b	.L4
 133              	.L8:
  53:main.c        ****         case  I2:    S3_Write(0);   S2_Write(0);    S1_Write(0);    S0_Write(1);     break;
 134              		.loc 1 53 0
 135 002a 0020     		movs	r0, #0
 136 002c FFF7FEFF 		bl	S3_Write
 137              	.LVL15:
 138 0030 0020     		movs	r0, #0
 139 0032 FFF7FEFF 		bl	S2_Write
 140              	.LVL16:
 141 0036 0020     		movs	r0, #0
 142 0038 FFF7FEFF 		bl	S1_Write
 143              	.LVL17:
 144 003c 0120     		movs	r0, #1
 145 003e FFF7FEFF 		bl	S0_Write
 146              	.LVL18:
 147 0042 B4E0     		b	.L4
 148              	.L9:
  54:main.c        ****         case  I3:    S3_Write(0);   S2_Write(0);    S1_Write(1);    S0_Write(0);     break;
 149              		.loc 1 54 0
 150 0044 0020     		movs	r0, #0
 151 0046 FFF7FEFF 		bl	S3_Write
 152              	.LVL19:
 153 004a 0020     		movs	r0, #0
 154 004c FFF7FEFF 		bl	S2_Write
 155              	.LVL20:
 156 0050 0120     		movs	r0, #1
 157 0052 FFF7FEFF 		bl	S1_Write
 158              	.LVL21:
 159 0056 0020     		movs	r0, #0
 160 0058 FFF7FEFF 		bl	S0_Write
 161              	.LVL22:
 162 005c A7E0     		b	.L4
 163              	.L10:
  55:main.c        ****         case  I4:    S3_Write(0);   S2_Write(0);    S1_Write(1);    S0_Write(1);     break;
 164              		.loc 1 55 0
 165 005e 0020     		movs	r0, #0
 166 0060 FFF7FEFF 		bl	S3_Write
 167              	.LVL23:
 168 0064 0020     		movs	r0, #0
 169 0066 FFF7FEFF 		bl	S2_Write
 170              	.LVL24:
 171 006a 0120     		movs	r0, #1
ARM GAS  C:\Users\PRAJWA~1\AppData\Local\Temp\ccfQCuPW.s 			page 5


 172 006c FFF7FEFF 		bl	S1_Write
 173              	.LVL25:
 174 0070 0120     		movs	r0, #1
 175 0072 FFF7FEFF 		bl	S0_Write
 176              	.LVL26:
 177 0076 9AE0     		b	.L4
 178              	.L11:
  56:main.c        ****         case  I5:    S3_Write(0);   S2_Write(1);    S1_Write(0);    S0_Write(0);     break;
 179              		.loc 1 56 0
 180 0078 0020     		movs	r0, #0
 181 007a FFF7FEFF 		bl	S3_Write
 182              	.LVL27:
 183 007e 0120     		movs	r0, #1
 184 0080 FFF7FEFF 		bl	S2_Write
 185              	.LVL28:
 186 0084 0020     		movs	r0, #0
 187 0086 FFF7FEFF 		bl	S1_Write
 188              	.LVL29:
 189 008a 0020     		movs	r0, #0
 190 008c FFF7FEFF 		bl	S0_Write
 191              	.LVL30:
 192 0090 8DE0     		b	.L4
 193              	.L12:
  57:main.c        ****         case  I6:    S3_Write(0);   S2_Write(1);    S1_Write(0);    S0_Write(1);     break;
 194              		.loc 1 57 0
 195 0092 0020     		movs	r0, #0
 196 0094 FFF7FEFF 		bl	S3_Write
 197              	.LVL31:
 198 0098 0120     		movs	r0, #1
 199 009a FFF7FEFF 		bl	S2_Write
 200              	.LVL32:
 201 009e 0020     		movs	r0, #0
 202 00a0 FFF7FEFF 		bl	S1_Write
 203              	.LVL33:
 204 00a4 0120     		movs	r0, #1
 205 00a6 FFF7FEFF 		bl	S0_Write
 206              	.LVL34:
 207 00aa 80E0     		b	.L4
 208              	.L13:
  58:main.c        ****         case  I7:    S3_Write(0);   S2_Write(1);    S1_Write(1);    S0_Write(0);     break;
 209              		.loc 1 58 0
 210 00ac 0020     		movs	r0, #0
 211 00ae FFF7FEFF 		bl	S3_Write
 212              	.LVL35:
 213 00b2 0120     		movs	r0, #1
 214 00b4 FFF7FEFF 		bl	S2_Write
 215              	.LVL36:
 216 00b8 0120     		movs	r0, #1
 217 00ba FFF7FEFF 		bl	S1_Write
 218              	.LVL37:
 219 00be 0020     		movs	r0, #0
 220 00c0 FFF7FEFF 		bl	S0_Write
 221              	.LVL38:
 222 00c4 73E0     		b	.L4
 223              	.L14:
  59:main.c        ****         case  I8:    S3_Write(0);   S2_Write(1);    S1_Write(1);    S0_Write(1);     break;
 224              		.loc 1 59 0
ARM GAS  C:\Users\PRAJWA~1\AppData\Local\Temp\ccfQCuPW.s 			page 6


 225 00c6 0020     		movs	r0, #0
 226 00c8 FFF7FEFF 		bl	S3_Write
 227              	.LVL39:
 228 00cc 0120     		movs	r0, #1
 229 00ce FFF7FEFF 		bl	S2_Write
 230              	.LVL40:
 231 00d2 0120     		movs	r0, #1
 232 00d4 FFF7FEFF 		bl	S1_Write
 233              	.LVL41:
 234 00d8 0120     		movs	r0, #1
 235 00da FFF7FEFF 		bl	S0_Write
 236              	.LVL42:
 237 00de 66E0     		b	.L4
 238              	.L15:
  60:main.c        ****         case  I9:    S3_Write(1);   S2_Write(0);    S1_Write(0);    S0_Write(0);     break;
 239              		.loc 1 60 0
 240 00e0 0120     		movs	r0, #1
 241 00e2 FFF7FEFF 		bl	S3_Write
 242              	.LVL43:
 243 00e6 0020     		movs	r0, #0
 244 00e8 FFF7FEFF 		bl	S2_Write
 245              	.LVL44:
 246 00ec 0020     		movs	r0, #0
 247 00ee FFF7FEFF 		bl	S1_Write
 248              	.LVL45:
 249 00f2 0020     		movs	r0, #0
 250 00f4 FFF7FEFF 		bl	S0_Write
 251              	.LVL46:
 252 00f8 59E0     		b	.L4
 253              	.L16:
  61:main.c        ****         case I10:    S3_Write(1);   S2_Write(0);    S1_Write(0);    S0_Write(1);     break;
 254              		.loc 1 61 0
 255 00fa 0120     		movs	r0, #1
 256 00fc FFF7FEFF 		bl	S3_Write
 257              	.LVL47:
 258 0100 0020     		movs	r0, #0
 259 0102 FFF7FEFF 		bl	S2_Write
 260              	.LVL48:
 261 0106 0020     		movs	r0, #0
 262 0108 FFF7FEFF 		bl	S1_Write
 263              	.LVL49:
 264 010c 0120     		movs	r0, #1
 265 010e FFF7FEFF 		bl	S0_Write
 266              	.LVL50:
 267 0112 4CE0     		b	.L4
 268              	.L17:
  62:main.c        ****         case I11:    S3_Write(1);   S2_Write(0);    S1_Write(1);    S0_Write(0);     break;
 269              		.loc 1 62 0
 270 0114 0120     		movs	r0, #1
 271 0116 FFF7FEFF 		bl	S3_Write
 272              	.LVL51:
 273 011a 0020     		movs	r0, #0
 274 011c FFF7FEFF 		bl	S2_Write
 275              	.LVL52:
 276 0120 0120     		movs	r0, #1
 277 0122 FFF7FEFF 		bl	S1_Write
 278              	.LVL53:
ARM GAS  C:\Users\PRAJWA~1\AppData\Local\Temp\ccfQCuPW.s 			page 7


 279 0126 0020     		movs	r0, #0
 280 0128 FFF7FEFF 		bl	S0_Write
 281              	.LVL54:
 282 012c 3FE0     		b	.L4
 283              	.L18:
  63:main.c        ****         case I12:    S3_Write(1);   S2_Write(0);    S1_Write(1);    S0_Write(1);     break;
 284              		.loc 1 63 0
 285 012e 0120     		movs	r0, #1
 286 0130 FFF7FEFF 		bl	S3_Write
 287              	.LVL55:
 288 0134 0020     		movs	r0, #0
 289 0136 FFF7FEFF 		bl	S2_Write
 290              	.LVL56:
 291 013a 0120     		movs	r0, #1
 292 013c FFF7FEFF 		bl	S1_Write
 293              	.LVL57:
 294 0140 0120     		movs	r0, #1
 295 0142 FFF7FEFF 		bl	S0_Write
 296              	.LVL58:
 297 0146 32E0     		b	.L4
 298              	.L19:
  64:main.c        ****         case I13:    S3_Write(1);   S2_Write(1);    S1_Write(0);    S0_Write(0);     break;
 299              		.loc 1 64 0
 300 0148 0120     		movs	r0, #1
 301 014a FFF7FEFF 		bl	S3_Write
 302              	.LVL59:
 303 014e 0120     		movs	r0, #1
 304 0150 FFF7FEFF 		bl	S2_Write
 305              	.LVL60:
 306 0154 0020     		movs	r0, #0
 307 0156 FFF7FEFF 		bl	S1_Write
 308              	.LVL61:
 309 015a 0020     		movs	r0, #0
 310 015c FFF7FEFF 		bl	S0_Write
 311              	.LVL62:
 312 0160 25E0     		b	.L4
 313              	.L20:
  65:main.c        ****         case I14:    S3_Write(1);   S2_Write(1);    S1_Write(0);    S0_Write(1);     break;
 314              		.loc 1 65 0
 315 0162 0120     		movs	r0, #1
 316 0164 FFF7FEFF 		bl	S3_Write
 317              	.LVL63:
 318 0168 0120     		movs	r0, #1
 319 016a FFF7FEFF 		bl	S2_Write
 320              	.LVL64:
 321 016e 0020     		movs	r0, #0
 322 0170 FFF7FEFF 		bl	S1_Write
 323              	.LVL65:
 324 0174 0120     		movs	r0, #1
 325 0176 FFF7FEFF 		bl	S0_Write
 326              	.LVL66:
 327 017a 18E0     		b	.L4
 328              	.L21:
  66:main.c        ****         case I15:    S3_Write(1);   S2_Write(1);    S1_Write(1);    S0_Write(0);     break;
 329              		.loc 1 66 0
 330 017c 0120     		movs	r0, #1
 331 017e FFF7FEFF 		bl	S3_Write
ARM GAS  C:\Users\PRAJWA~1\AppData\Local\Temp\ccfQCuPW.s 			page 8


 332              	.LVL67:
 333 0182 0120     		movs	r0, #1
 334 0184 FFF7FEFF 		bl	S2_Write
 335              	.LVL68:
 336 0188 0120     		movs	r0, #1
 337 018a FFF7FEFF 		bl	S1_Write
 338              	.LVL69:
 339 018e 0020     		movs	r0, #0
 340 0190 FFF7FEFF 		bl	S0_Write
 341              	.LVL70:
 342 0194 0BE0     		b	.L4
 343              	.L22:
  67:main.c        ****         case I16:    S3_Write(1);   S2_Write(1);    S1_Write(1);    S0_Write(1);     break;
 344              		.loc 1 67 0
 345 0196 0120     		movs	r0, #1
 346 0198 FFF7FEFF 		bl	S3_Write
 347              	.LVL71:
 348 019c 0120     		movs	r0, #1
 349 019e FFF7FEFF 		bl	S2_Write
 350              	.LVL72:
 351 01a2 0120     		movs	r0, #1
 352 01a4 FFF7FEFF 		bl	S1_Write
 353              	.LVL73:
 354 01a8 0120     		movs	r0, #1
 355 01aa FFF7FEFF 		bl	S0_Write
 356              	.LVL74:
 357              	.L4:
  68:main.c        ****     }
  69:main.c        **** }
 358              		.loc 1 69 0
 359              		@ sp needed
 360 01ae 10BD     		pop	{r4, pc}
 361              	.L24:
 362              		.align	2
 363              	.L23:
 364 01b0 00000000 		.word	.L7
 365              		.cfi_endproc
 366              	.LFE36:
 367              		.size	setmux, .-setmux
 368              		.section	.text.analogRead,"ax",%progbits
 369              		.align	2
 370              		.global	analogRead
 371              		.code	16
 372              		.thumb_func
 373              		.type	analogRead, %function
 374              	analogRead:
 375              	.LFB37:
  70:main.c        **** 
  71:main.c        **** uint16 analogRead(){
 376              		.loc 1 71 0
 377              		.cfi_startproc
 378              		@ args = 0, pretend = 0, frame = 0
 379              		@ frame_needed = 0, uses_anonymous_args = 0
 380 0000 10B5     		push	{r4, lr}
 381              		.cfi_def_cfa_offset 8
 382              		.cfi_offset 4, -8
 383              		.cfi_offset 14, -4
ARM GAS  C:\Users\PRAJWA~1\AppData\Local\Temp\ccfQCuPW.s 			page 9


 384              	.LVL75:
  72:main.c        ****     uint16 result=0, counts=0;
  73:main.c        ****     
  74:main.c        **** //    while(0u != ADC_IsEndConversion(ADC_RETURN_STATUS)){
  75:main.c        **** //            ADC_IsEndConversion(ADC_WAIT_FOR_RESULT);
  76:main.c        ****             counts = ADC_GetResult16(0);
 385              		.loc 1 76 0
 386 0002 0020     		movs	r0, #0
 387 0004 FFF7FEFF 		bl	ADC_GetResult16
 388              	.LVL76:
 389 0008 80B2     		uxth	r0, r0
 390              	.LVL77:
  77:main.c        **** //            result = ADC_CountsTo_Volts(0, counts); 
  78:main.c        **** //        }
  79:main.c        ****     return counts;
  80:main.c        **** }
 391              		.loc 1 80 0
 392              		@ sp needed
 393 000a 10BD     		pop	{r4, pc}
 394              		.cfi_endproc
 395              	.LFE37:
 396              		.size	analogRead, .-analogRead
 397              		.section	.text.main,"ax",%progbits
 398              		.align	2
 399              		.global	main
 400              		.code	16
 401              		.thumb_func
 402              		.type	main, %function
 403              	main:
 404              	.LFB38:
  81:main.c        **** 
  82:main.c        **** 
  83:main.c        **** int main(void)
  84:main.c        **** {
 405              		.loc 1 84 0
 406              		.cfi_startproc
 407              		@ args = 0, pretend = 0, frame = 0
 408              		@ frame_needed = 0, uses_anonymous_args = 0
 409 0000 10B5     		push	{r4, lr}
 410              		.cfi_def_cfa_offset 8
 411              		.cfi_offset 4, -8
 412              		.cfi_offset 14, -4
  85:main.c        ****     CyGlobalIntEnable;
 413              		.loc 1 85 0
 414              		.syntax divided
 415              	@ 85 "main.c" 1
 416 0002 62B6     		CPSIE   i
 417              	@ 0 "" 2
  86:main.c        ****     
  87:main.c        ****     uint16 result;
  88:main.c        ****     UART_Start();
 418              		.loc 1 88 0
 419              		.thumb
 420              		.syntax unified
 421 0004 FFF7FEFF 		bl	UART_Start
 422              	.LVL78:
  89:main.c        ****     CTRL_Write(0);
ARM GAS  C:\Users\PRAJWA~1\AppData\Local\Temp\ccfQCuPW.s 			page 10


 423              		.loc 1 89 0
 424 0008 0020     		movs	r0, #0
 425 000a FFF7FEFF 		bl	CTRL_Write
 426              	.LVL79:
  90:main.c        ****     
  91:main.c        ****     setmux(I1);
 427              		.loc 1 91 0
 428 000e 0020     		movs	r0, #0
 429 0010 FFF7FEFF 		bl	setmux
 430              	.LVL80:
  92:main.c        ****     ADC_Start();
 431              		.loc 1 92 0
 432 0014 FFF7FEFF 		bl	ADC_Start
 433              	.LVL81:
  93:main.c        ****     ADC_StartConvert();
 434              		.loc 1 93 0
 435 0018 FFF7FEFF 		bl	ADC_StartConvert
 436              	.LVL82:
 437              	.L27:
  94:main.c        ****     for(;;)
  95:main.c        ****     {
  96:main.c        ****             result= analogRead();
 438              		.loc 1 96 0 discriminator 1
 439 001c FFF7FEFF 		bl	analogRead
 440              	.LVL83:
 441 0020 0100     		movs	r1, r0
 442              	.LVL84:
  97:main.c        ****             printf("%d\n", result);
 443              		.loc 1 97 0 discriminator 1
 444 0022 0248     		ldr	r0, .L28
 445 0024 FFF7FEFF 		bl	printf
 446              	.LVL85:
 447 0028 F8E7     		b	.L27
 448              	.L29:
 449 002a C046     		.align	2
 450              	.L28:
 451 002c 00000000 		.word	.LC1
 452              		.cfi_endproc
 453              	.LFE38:
 454              		.size	main, .-main
 455              		.section	.rodata.str1.4,"aMS",%progbits,1
 456              		.align	2
 457              	.LC1:
 458 0000 25640A00 		.ascii	"%d\012\000"
 459              		.text
 460              	.Letext0:
 461              		.file 2 "Generated_Source\\PSoC4/cytypes.h"
 462              		.file 3 "Generated_Source\\PSoC4/UART_SPI_UART.h"
 463              		.file 4 "Generated_Source\\PSoC4/S3.h"
 464              		.file 5 "Generated_Source\\PSoC4/S2.h"
 465              		.file 6 "Generated_Source\\PSoC4/S1.h"
 466              		.file 7 "Generated_Source\\PSoC4/S0.h"
 467              		.file 8 "Generated_Source\\PSoC4/ADC.h"
 468              		.file 9 "Generated_Source\\PSoC4/UART.h"
 469              		.file 10 "Generated_Source\\PSoC4/CTRL.h"
 470              		.file 11 "c:\\program files (x86)\\cypress\\psoc creator\\4.4\\psoc creator\\import\\gnu\\arm\\5.4
 471              		.section	.debug_info,"",%progbits
ARM GAS  C:\Users\PRAJWA~1\AppData\Local\Temp\ccfQCuPW.s 			page 11


 472              	.Ldebug_info0:
 473 0000 29070000 		.4byte	0x729
 474 0004 0400     		.2byte	0x4
 475 0006 00000000 		.4byte	.Ldebug_abbrev0
 476 000a 04       		.byte	0x4
 477 000b 01       		.uleb128 0x1
 478 000c 5D010000 		.4byte	.LASF32
 479 0010 0C       		.byte	0xc
 480 0011 09020000 		.4byte	.LASF33
 481 0015 12000000 		.4byte	.LASF34
 482 0019 00000000 		.4byte	.Ldebug_ranges0+0
 483 001d 00000000 		.4byte	0
 484 0021 00000000 		.4byte	.Ldebug_line0
 485 0025 02       		.uleb128 0x2
 486 0026 01       		.byte	0x1
 487 0027 06       		.byte	0x6
 488 0028 46020000 		.4byte	.LASF0
 489 002c 02       		.uleb128 0x2
 490 002d 01       		.byte	0x1
 491 002e 08       		.byte	0x8
 492 002f F9000000 		.4byte	.LASF1
 493 0033 02       		.uleb128 0x2
 494 0034 02       		.byte	0x2
 495 0035 05       		.byte	0x5
 496 0036 27020000 		.4byte	.LASF2
 497 003a 02       		.uleb128 0x2
 498 003b 02       		.byte	0x2
 499 003c 07       		.byte	0x7
 500 003d 52020000 		.4byte	.LASF3
 501 0041 02       		.uleb128 0x2
 502 0042 04       		.byte	0x4
 503 0043 05       		.byte	0x5
 504 0044 31020000 		.4byte	.LASF4
 505 0048 02       		.uleb128 0x2
 506 0049 04       		.byte	0x4
 507 004a 07       		.byte	0x7
 508 004b CC000000 		.4byte	.LASF5
 509 004f 02       		.uleb128 0x2
 510 0050 08       		.byte	0x8
 511 0051 05       		.byte	0x5
 512 0052 FB010000 		.4byte	.LASF6
 513 0056 02       		.uleb128 0x2
 514 0057 08       		.byte	0x8
 515 0058 07       		.byte	0x7
 516 0059 35010000 		.4byte	.LASF7
 517 005d 03       		.uleb128 0x3
 518 005e 04       		.byte	0x4
 519 005f 05       		.byte	0x5
 520 0060 696E7400 		.ascii	"int\000"
 521 0064 02       		.uleb128 0x2
 522 0065 04       		.byte	0x4
 523 0066 07       		.byte	0x7
 524 0067 21010000 		.4byte	.LASF8
 525 006b 04       		.uleb128 0x4
 526 006c 13010000 		.4byte	.LASF9
 527 0070 02       		.byte	0x2
 528 0071 FD01     		.2byte	0x1fd
ARM GAS  C:\Users\PRAJWA~1\AppData\Local\Temp\ccfQCuPW.s 			page 12


 529 0073 3A000000 		.4byte	0x3a
 530 0077 04       		.uleb128 0x4
 531 0078 1A010000 		.4byte	.LASF10
 532 007c 02       		.byte	0x2
 533 007d FE01     		.2byte	0x1fe
 534 007f 48000000 		.4byte	0x48
 535 0083 02       		.uleb128 0x2
 536 0084 04       		.byte	0x4
 537 0085 04       		.byte	0x4
 538 0086 9C000000 		.4byte	.LASF11
 539 008a 02       		.uleb128 0x2
 540 008b 08       		.byte	0x8
 541 008c 04       		.byte	0x4
 542 008d 07010000 		.4byte	.LASF12
 543 0091 02       		.uleb128 0x2
 544 0092 01       		.byte	0x1
 545 0093 08       		.byte	0x8
 546 0094 10020000 		.4byte	.LASF13
 547 0098 02       		.uleb128 0x2
 548 0099 08       		.byte	0x8
 549 009a 04       		.byte	0x4
 550 009b 3A020000 		.4byte	.LASF14
 551 009f 02       		.uleb128 0x2
 552 00a0 04       		.byte	0x4
 553 00a1 07       		.byte	0x7
 554 00a2 F2010000 		.4byte	.LASF15
 555 00a6 05       		.uleb128 0x5
 556 00a7 04       		.byte	0x4
 557 00a8 91000000 		.4byte	0x91
 558 00ac 06       		.uleb128 0x6
 559 00ad EB010000 		.4byte	.LASF35
 560 00b1 01       		.byte	0x1
 561 00b2 13       		.byte	0x13
 562 00b3 5D000000 		.4byte	0x5d
 563 00b7 00000000 		.4byte	.LFB35
 564 00bb 1C000000 		.4byte	.LFE35-.LFB35
 565 00bf 01       		.uleb128 0x1
 566 00c0 9C       		.byte	0x9c
 567 00c1 09010000 		.4byte	0x109
 568 00c5 07       		.uleb128 0x7
 569 00c6 A2000000 		.4byte	.LASF16
 570 00ca 01       		.byte	0x1
 571 00cb 13       		.byte	0x13
 572 00cc 5D000000 		.4byte	0x5d
 573 00d0 00000000 		.4byte	.LLST0
 574 00d4 08       		.uleb128 0x8
 575 00d5 70747200 		.ascii	"ptr\000"
 576 00d9 01       		.byte	0x1
 577 00da 13       		.byte	0x13
 578 00db A6000000 		.4byte	0xa6
 579 00df 21000000 		.4byte	.LLST1
 580 00e3 08       		.uleb128 0x8
 581 00e4 6C656E00 		.ascii	"len\000"
 582 00e8 01       		.byte	0x1
 583 00e9 13       		.byte	0x13
 584 00ea 5D000000 		.4byte	0x5d
 585 00ee 4A000000 		.4byte	.LLST2
ARM GAS  C:\Users\PRAJWA~1\AppData\Local\Temp\ccfQCuPW.s 			page 13


 586 00f2 09       		.uleb128 0x9
 587 00f3 6900     		.ascii	"i\000"
 588 00f5 01       		.byte	0x1
 589 00f6 16       		.byte	0x16
 590 00f7 5D000000 		.4byte	0x5d
 591 00fb 73000000 		.4byte	.LLST3
 592 00ff 0A       		.uleb128 0xa
 593 0100 10000000 		.4byte	.LVL4
 594 0104 B2060000 		.4byte	0x6b2
 595 0108 00       		.byte	0
 596 0109 0B       		.uleb128 0xb
 597 010a 8C000000 		.4byte	.LASF17
 598 010e 01       		.byte	0x1
 599 010f 32       		.byte	0x32
 600 0110 00000000 		.4byte	.LFB36
 601 0114 B4010000 		.4byte	.LFE36-.LFB36
 602 0118 01       		.uleb128 0x1
 603 0119 9C       		.byte	0x9c
 604 011a E8050000 		.4byte	0x5e8
 605 011e 08       		.uleb128 0x8
 606 011f 6100     		.ascii	"a\000"
 607 0121 01       		.byte	0x1
 608 0122 32       		.byte	0x32
 609 0123 5D000000 		.4byte	0x5d
 610 0127 92000000 		.4byte	.LLST4
 611 012b 0C       		.uleb128 0xc
 612 012c 16000000 		.4byte	.LVL11
 613 0130 BE060000 		.4byte	0x6be
 614 0134 3E010000 		.4byte	0x13e
 615 0138 0D       		.uleb128 0xd
 616 0139 01       		.uleb128 0x1
 617 013a 50       		.byte	0x50
 618 013b 01       		.uleb128 0x1
 619 013c 30       		.byte	0x30
 620 013d 00       		.byte	0
 621 013e 0C       		.uleb128 0xc
 622 013f 1C000000 		.4byte	.LVL12
 623 0143 C9060000 		.4byte	0x6c9
 624 0147 51010000 		.4byte	0x151
 625 014b 0D       		.uleb128 0xd
 626 014c 01       		.uleb128 0x1
 627 014d 50       		.byte	0x50
 628 014e 01       		.uleb128 0x1
 629 014f 30       		.byte	0x30
 630 0150 00       		.byte	0
 631 0151 0C       		.uleb128 0xc
 632 0152 22000000 		.4byte	.LVL13
 633 0156 D4060000 		.4byte	0x6d4
 634 015a 64010000 		.4byte	0x164
 635 015e 0D       		.uleb128 0xd
 636 015f 01       		.uleb128 0x1
 637 0160 50       		.byte	0x50
 638 0161 01       		.uleb128 0x1
 639 0162 30       		.byte	0x30
 640 0163 00       		.byte	0
 641 0164 0C       		.uleb128 0xc
 642 0165 28000000 		.4byte	.LVL14
ARM GAS  C:\Users\PRAJWA~1\AppData\Local\Temp\ccfQCuPW.s 			page 14


 643 0169 DF060000 		.4byte	0x6df
 644 016d 77010000 		.4byte	0x177
 645 0171 0D       		.uleb128 0xd
 646 0172 01       		.uleb128 0x1
 647 0173 50       		.byte	0x50
 648 0174 01       		.uleb128 0x1
 649 0175 30       		.byte	0x30
 650 0176 00       		.byte	0
 651 0177 0C       		.uleb128 0xc
 652 0178 30000000 		.4byte	.LVL15
 653 017c BE060000 		.4byte	0x6be
 654 0180 8A010000 		.4byte	0x18a
 655 0184 0D       		.uleb128 0xd
 656 0185 01       		.uleb128 0x1
 657 0186 50       		.byte	0x50
 658 0187 01       		.uleb128 0x1
 659 0188 30       		.byte	0x30
 660 0189 00       		.byte	0
 661 018a 0C       		.uleb128 0xc
 662 018b 36000000 		.4byte	.LVL16
 663 018f C9060000 		.4byte	0x6c9
 664 0193 9D010000 		.4byte	0x19d
 665 0197 0D       		.uleb128 0xd
 666 0198 01       		.uleb128 0x1
 667 0199 50       		.byte	0x50
 668 019a 01       		.uleb128 0x1
 669 019b 30       		.byte	0x30
 670 019c 00       		.byte	0
 671 019d 0C       		.uleb128 0xc
 672 019e 3C000000 		.4byte	.LVL17
 673 01a2 D4060000 		.4byte	0x6d4
 674 01a6 B0010000 		.4byte	0x1b0
 675 01aa 0D       		.uleb128 0xd
 676 01ab 01       		.uleb128 0x1
 677 01ac 50       		.byte	0x50
 678 01ad 01       		.uleb128 0x1
 679 01ae 30       		.byte	0x30
 680 01af 00       		.byte	0
 681 01b0 0C       		.uleb128 0xc
 682 01b1 42000000 		.4byte	.LVL18
 683 01b5 DF060000 		.4byte	0x6df
 684 01b9 C3010000 		.4byte	0x1c3
 685 01bd 0D       		.uleb128 0xd
 686 01be 01       		.uleb128 0x1
 687 01bf 50       		.byte	0x50
 688 01c0 01       		.uleb128 0x1
 689 01c1 31       		.byte	0x31
 690 01c2 00       		.byte	0
 691 01c3 0C       		.uleb128 0xc
 692 01c4 4A000000 		.4byte	.LVL19
 693 01c8 BE060000 		.4byte	0x6be
 694 01cc D6010000 		.4byte	0x1d6
 695 01d0 0D       		.uleb128 0xd
 696 01d1 01       		.uleb128 0x1
 697 01d2 50       		.byte	0x50
 698 01d3 01       		.uleb128 0x1
 699 01d4 30       		.byte	0x30
ARM GAS  C:\Users\PRAJWA~1\AppData\Local\Temp\ccfQCuPW.s 			page 15


 700 01d5 00       		.byte	0
 701 01d6 0C       		.uleb128 0xc
 702 01d7 50000000 		.4byte	.LVL20
 703 01db C9060000 		.4byte	0x6c9
 704 01df E9010000 		.4byte	0x1e9
 705 01e3 0D       		.uleb128 0xd
 706 01e4 01       		.uleb128 0x1
 707 01e5 50       		.byte	0x50
 708 01e6 01       		.uleb128 0x1
 709 01e7 30       		.byte	0x30
 710 01e8 00       		.byte	0
 711 01e9 0C       		.uleb128 0xc
 712 01ea 56000000 		.4byte	.LVL21
 713 01ee D4060000 		.4byte	0x6d4
 714 01f2 FC010000 		.4byte	0x1fc
 715 01f6 0D       		.uleb128 0xd
 716 01f7 01       		.uleb128 0x1
 717 01f8 50       		.byte	0x50
 718 01f9 01       		.uleb128 0x1
 719 01fa 31       		.byte	0x31
 720 01fb 00       		.byte	0
 721 01fc 0C       		.uleb128 0xc
 722 01fd 5C000000 		.4byte	.LVL22
 723 0201 DF060000 		.4byte	0x6df
 724 0205 0F020000 		.4byte	0x20f
 725 0209 0D       		.uleb128 0xd
 726 020a 01       		.uleb128 0x1
 727 020b 50       		.byte	0x50
 728 020c 01       		.uleb128 0x1
 729 020d 30       		.byte	0x30
 730 020e 00       		.byte	0
 731 020f 0C       		.uleb128 0xc
 732 0210 64000000 		.4byte	.LVL23
 733 0214 BE060000 		.4byte	0x6be
 734 0218 22020000 		.4byte	0x222
 735 021c 0D       		.uleb128 0xd
 736 021d 01       		.uleb128 0x1
 737 021e 50       		.byte	0x50
 738 021f 01       		.uleb128 0x1
 739 0220 30       		.byte	0x30
 740 0221 00       		.byte	0
 741 0222 0C       		.uleb128 0xc
 742 0223 6A000000 		.4byte	.LVL24
 743 0227 C9060000 		.4byte	0x6c9
 744 022b 35020000 		.4byte	0x235
 745 022f 0D       		.uleb128 0xd
 746 0230 01       		.uleb128 0x1
 747 0231 50       		.byte	0x50
 748 0232 01       		.uleb128 0x1
 749 0233 30       		.byte	0x30
 750 0234 00       		.byte	0
 751 0235 0C       		.uleb128 0xc
 752 0236 70000000 		.4byte	.LVL25
 753 023a D4060000 		.4byte	0x6d4
 754 023e 48020000 		.4byte	0x248
 755 0242 0D       		.uleb128 0xd
 756 0243 01       		.uleb128 0x1
ARM GAS  C:\Users\PRAJWA~1\AppData\Local\Temp\ccfQCuPW.s 			page 16


 757 0244 50       		.byte	0x50
 758 0245 01       		.uleb128 0x1
 759 0246 31       		.byte	0x31
 760 0247 00       		.byte	0
 761 0248 0C       		.uleb128 0xc
 762 0249 76000000 		.4byte	.LVL26
 763 024d DF060000 		.4byte	0x6df
 764 0251 5B020000 		.4byte	0x25b
 765 0255 0D       		.uleb128 0xd
 766 0256 01       		.uleb128 0x1
 767 0257 50       		.byte	0x50
 768 0258 01       		.uleb128 0x1
 769 0259 31       		.byte	0x31
 770 025a 00       		.byte	0
 771 025b 0C       		.uleb128 0xc
 772 025c 7E000000 		.4byte	.LVL27
 773 0260 BE060000 		.4byte	0x6be
 774 0264 6E020000 		.4byte	0x26e
 775 0268 0D       		.uleb128 0xd
 776 0269 01       		.uleb128 0x1
 777 026a 50       		.byte	0x50
 778 026b 01       		.uleb128 0x1
 779 026c 30       		.byte	0x30
 780 026d 00       		.byte	0
 781 026e 0C       		.uleb128 0xc
 782 026f 84000000 		.4byte	.LVL28
 783 0273 C9060000 		.4byte	0x6c9
 784 0277 81020000 		.4byte	0x281
 785 027b 0D       		.uleb128 0xd
 786 027c 01       		.uleb128 0x1
 787 027d 50       		.byte	0x50
 788 027e 01       		.uleb128 0x1
 789 027f 31       		.byte	0x31
 790 0280 00       		.byte	0
 791 0281 0C       		.uleb128 0xc
 792 0282 8A000000 		.4byte	.LVL29
 793 0286 D4060000 		.4byte	0x6d4
 794 028a 94020000 		.4byte	0x294
 795 028e 0D       		.uleb128 0xd
 796 028f 01       		.uleb128 0x1
 797 0290 50       		.byte	0x50
 798 0291 01       		.uleb128 0x1
 799 0292 30       		.byte	0x30
 800 0293 00       		.byte	0
 801 0294 0C       		.uleb128 0xc
 802 0295 90000000 		.4byte	.LVL30
 803 0299 DF060000 		.4byte	0x6df
 804 029d A7020000 		.4byte	0x2a7
 805 02a1 0D       		.uleb128 0xd
 806 02a2 01       		.uleb128 0x1
 807 02a3 50       		.byte	0x50
 808 02a4 01       		.uleb128 0x1
 809 02a5 30       		.byte	0x30
 810 02a6 00       		.byte	0
 811 02a7 0C       		.uleb128 0xc
 812 02a8 98000000 		.4byte	.LVL31
 813 02ac BE060000 		.4byte	0x6be
ARM GAS  C:\Users\PRAJWA~1\AppData\Local\Temp\ccfQCuPW.s 			page 17


 814 02b0 BA020000 		.4byte	0x2ba
 815 02b4 0D       		.uleb128 0xd
 816 02b5 01       		.uleb128 0x1
 817 02b6 50       		.byte	0x50
 818 02b7 01       		.uleb128 0x1
 819 02b8 30       		.byte	0x30
 820 02b9 00       		.byte	0
 821 02ba 0C       		.uleb128 0xc
 822 02bb 9E000000 		.4byte	.LVL32
 823 02bf C9060000 		.4byte	0x6c9
 824 02c3 CD020000 		.4byte	0x2cd
 825 02c7 0D       		.uleb128 0xd
 826 02c8 01       		.uleb128 0x1
 827 02c9 50       		.byte	0x50
 828 02ca 01       		.uleb128 0x1
 829 02cb 31       		.byte	0x31
 830 02cc 00       		.byte	0
 831 02cd 0C       		.uleb128 0xc
 832 02ce A4000000 		.4byte	.LVL33
 833 02d2 D4060000 		.4byte	0x6d4
 834 02d6 E0020000 		.4byte	0x2e0
 835 02da 0D       		.uleb128 0xd
 836 02db 01       		.uleb128 0x1
 837 02dc 50       		.byte	0x50
 838 02dd 01       		.uleb128 0x1
 839 02de 30       		.byte	0x30
 840 02df 00       		.byte	0
 841 02e0 0C       		.uleb128 0xc
 842 02e1 AA000000 		.4byte	.LVL34
 843 02e5 DF060000 		.4byte	0x6df
 844 02e9 F3020000 		.4byte	0x2f3
 845 02ed 0D       		.uleb128 0xd
 846 02ee 01       		.uleb128 0x1
 847 02ef 50       		.byte	0x50
 848 02f0 01       		.uleb128 0x1
 849 02f1 31       		.byte	0x31
 850 02f2 00       		.byte	0
 851 02f3 0C       		.uleb128 0xc
 852 02f4 B2000000 		.4byte	.LVL35
 853 02f8 BE060000 		.4byte	0x6be
 854 02fc 06030000 		.4byte	0x306
 855 0300 0D       		.uleb128 0xd
 856 0301 01       		.uleb128 0x1
 857 0302 50       		.byte	0x50
 858 0303 01       		.uleb128 0x1
 859 0304 30       		.byte	0x30
 860 0305 00       		.byte	0
 861 0306 0C       		.uleb128 0xc
 862 0307 B8000000 		.4byte	.LVL36
 863 030b C9060000 		.4byte	0x6c9
 864 030f 19030000 		.4byte	0x319
 865 0313 0D       		.uleb128 0xd
 866 0314 01       		.uleb128 0x1
 867 0315 50       		.byte	0x50
 868 0316 01       		.uleb128 0x1
 869 0317 31       		.byte	0x31
 870 0318 00       		.byte	0
ARM GAS  C:\Users\PRAJWA~1\AppData\Local\Temp\ccfQCuPW.s 			page 18


 871 0319 0C       		.uleb128 0xc
 872 031a BE000000 		.4byte	.LVL37
 873 031e D4060000 		.4byte	0x6d4
 874 0322 2C030000 		.4byte	0x32c
 875 0326 0D       		.uleb128 0xd
 876 0327 01       		.uleb128 0x1
 877 0328 50       		.byte	0x50
 878 0329 01       		.uleb128 0x1
 879 032a 31       		.byte	0x31
 880 032b 00       		.byte	0
 881 032c 0C       		.uleb128 0xc
 882 032d C4000000 		.4byte	.LVL38
 883 0331 DF060000 		.4byte	0x6df
 884 0335 3F030000 		.4byte	0x33f
 885 0339 0D       		.uleb128 0xd
 886 033a 01       		.uleb128 0x1
 887 033b 50       		.byte	0x50
 888 033c 01       		.uleb128 0x1
 889 033d 30       		.byte	0x30
 890 033e 00       		.byte	0
 891 033f 0C       		.uleb128 0xc
 892 0340 CC000000 		.4byte	.LVL39
 893 0344 BE060000 		.4byte	0x6be
 894 0348 52030000 		.4byte	0x352
 895 034c 0D       		.uleb128 0xd
 896 034d 01       		.uleb128 0x1
 897 034e 50       		.byte	0x50
 898 034f 01       		.uleb128 0x1
 899 0350 30       		.byte	0x30
 900 0351 00       		.byte	0
 901 0352 0C       		.uleb128 0xc
 902 0353 D2000000 		.4byte	.LVL40
 903 0357 C9060000 		.4byte	0x6c9
 904 035b 65030000 		.4byte	0x365
 905 035f 0D       		.uleb128 0xd
 906 0360 01       		.uleb128 0x1
 907 0361 50       		.byte	0x50
 908 0362 01       		.uleb128 0x1
 909 0363 31       		.byte	0x31
 910 0364 00       		.byte	0
 911 0365 0C       		.uleb128 0xc
 912 0366 D8000000 		.4byte	.LVL41
 913 036a D4060000 		.4byte	0x6d4
 914 036e 78030000 		.4byte	0x378
 915 0372 0D       		.uleb128 0xd
 916 0373 01       		.uleb128 0x1
 917 0374 50       		.byte	0x50
 918 0375 01       		.uleb128 0x1
 919 0376 31       		.byte	0x31
 920 0377 00       		.byte	0
 921 0378 0C       		.uleb128 0xc
 922 0379 DE000000 		.4byte	.LVL42
 923 037d DF060000 		.4byte	0x6df
 924 0381 8B030000 		.4byte	0x38b
 925 0385 0D       		.uleb128 0xd
 926 0386 01       		.uleb128 0x1
 927 0387 50       		.byte	0x50
ARM GAS  C:\Users\PRAJWA~1\AppData\Local\Temp\ccfQCuPW.s 			page 19


 928 0388 01       		.uleb128 0x1
 929 0389 31       		.byte	0x31
 930 038a 00       		.byte	0
 931 038b 0C       		.uleb128 0xc
 932 038c E6000000 		.4byte	.LVL43
 933 0390 BE060000 		.4byte	0x6be
 934 0394 9E030000 		.4byte	0x39e
 935 0398 0D       		.uleb128 0xd
 936 0399 01       		.uleb128 0x1
 937 039a 50       		.byte	0x50
 938 039b 01       		.uleb128 0x1
 939 039c 31       		.byte	0x31
 940 039d 00       		.byte	0
 941 039e 0C       		.uleb128 0xc
 942 039f EC000000 		.4byte	.LVL44
 943 03a3 C9060000 		.4byte	0x6c9
 944 03a7 B1030000 		.4byte	0x3b1
 945 03ab 0D       		.uleb128 0xd
 946 03ac 01       		.uleb128 0x1
 947 03ad 50       		.byte	0x50
 948 03ae 01       		.uleb128 0x1
 949 03af 30       		.byte	0x30
 950 03b0 00       		.byte	0
 951 03b1 0C       		.uleb128 0xc
 952 03b2 F2000000 		.4byte	.LVL45
 953 03b6 D4060000 		.4byte	0x6d4
 954 03ba C4030000 		.4byte	0x3c4
 955 03be 0D       		.uleb128 0xd
 956 03bf 01       		.uleb128 0x1
 957 03c0 50       		.byte	0x50
 958 03c1 01       		.uleb128 0x1
 959 03c2 30       		.byte	0x30
 960 03c3 00       		.byte	0
 961 03c4 0C       		.uleb128 0xc
 962 03c5 F8000000 		.4byte	.LVL46
 963 03c9 DF060000 		.4byte	0x6df
 964 03cd D7030000 		.4byte	0x3d7
 965 03d1 0D       		.uleb128 0xd
 966 03d2 01       		.uleb128 0x1
 967 03d3 50       		.byte	0x50
 968 03d4 01       		.uleb128 0x1
 969 03d5 30       		.byte	0x30
 970 03d6 00       		.byte	0
 971 03d7 0C       		.uleb128 0xc
 972 03d8 00010000 		.4byte	.LVL47
 973 03dc BE060000 		.4byte	0x6be
 974 03e0 EA030000 		.4byte	0x3ea
 975 03e4 0D       		.uleb128 0xd
 976 03e5 01       		.uleb128 0x1
 977 03e6 50       		.byte	0x50
 978 03e7 01       		.uleb128 0x1
 979 03e8 31       		.byte	0x31
 980 03e9 00       		.byte	0
 981 03ea 0C       		.uleb128 0xc
 982 03eb 06010000 		.4byte	.LVL48
 983 03ef C9060000 		.4byte	0x6c9
 984 03f3 FD030000 		.4byte	0x3fd
ARM GAS  C:\Users\PRAJWA~1\AppData\Local\Temp\ccfQCuPW.s 			page 20


 985 03f7 0D       		.uleb128 0xd
 986 03f8 01       		.uleb128 0x1
 987 03f9 50       		.byte	0x50
 988 03fa 01       		.uleb128 0x1
 989 03fb 30       		.byte	0x30
 990 03fc 00       		.byte	0
 991 03fd 0C       		.uleb128 0xc
 992 03fe 0C010000 		.4byte	.LVL49
 993 0402 D4060000 		.4byte	0x6d4
 994 0406 10040000 		.4byte	0x410
 995 040a 0D       		.uleb128 0xd
 996 040b 01       		.uleb128 0x1
 997 040c 50       		.byte	0x50
 998 040d 01       		.uleb128 0x1
 999 040e 30       		.byte	0x30
 1000 040f 00       		.byte	0
 1001 0410 0C       		.uleb128 0xc
 1002 0411 12010000 		.4byte	.LVL50
 1003 0415 DF060000 		.4byte	0x6df
 1004 0419 23040000 		.4byte	0x423
 1005 041d 0D       		.uleb128 0xd
 1006 041e 01       		.uleb128 0x1
 1007 041f 50       		.byte	0x50
 1008 0420 01       		.uleb128 0x1
 1009 0421 31       		.byte	0x31
 1010 0422 00       		.byte	0
 1011 0423 0C       		.uleb128 0xc
 1012 0424 1A010000 		.4byte	.LVL51
 1013 0428 BE060000 		.4byte	0x6be
 1014 042c 36040000 		.4byte	0x436
 1015 0430 0D       		.uleb128 0xd
 1016 0431 01       		.uleb128 0x1
 1017 0432 50       		.byte	0x50
 1018 0433 01       		.uleb128 0x1
 1019 0434 31       		.byte	0x31
 1020 0435 00       		.byte	0
 1021 0436 0C       		.uleb128 0xc
 1022 0437 20010000 		.4byte	.LVL52
 1023 043b C9060000 		.4byte	0x6c9
 1024 043f 49040000 		.4byte	0x449
 1025 0443 0D       		.uleb128 0xd
 1026 0444 01       		.uleb128 0x1
 1027 0445 50       		.byte	0x50
 1028 0446 01       		.uleb128 0x1
 1029 0447 30       		.byte	0x30
 1030 0448 00       		.byte	0
 1031 0449 0C       		.uleb128 0xc
 1032 044a 26010000 		.4byte	.LVL53
 1033 044e D4060000 		.4byte	0x6d4
 1034 0452 5C040000 		.4byte	0x45c
 1035 0456 0D       		.uleb128 0xd
 1036 0457 01       		.uleb128 0x1
 1037 0458 50       		.byte	0x50
 1038 0459 01       		.uleb128 0x1
 1039 045a 31       		.byte	0x31
 1040 045b 00       		.byte	0
 1041 045c 0C       		.uleb128 0xc
ARM GAS  C:\Users\PRAJWA~1\AppData\Local\Temp\ccfQCuPW.s 			page 21


 1042 045d 2C010000 		.4byte	.LVL54
 1043 0461 DF060000 		.4byte	0x6df
 1044 0465 6F040000 		.4byte	0x46f
 1045 0469 0D       		.uleb128 0xd
 1046 046a 01       		.uleb128 0x1
 1047 046b 50       		.byte	0x50
 1048 046c 01       		.uleb128 0x1
 1049 046d 30       		.byte	0x30
 1050 046e 00       		.byte	0
 1051 046f 0C       		.uleb128 0xc
 1052 0470 34010000 		.4byte	.LVL55
 1053 0474 BE060000 		.4byte	0x6be
 1054 0478 82040000 		.4byte	0x482
 1055 047c 0D       		.uleb128 0xd
 1056 047d 01       		.uleb128 0x1
 1057 047e 50       		.byte	0x50
 1058 047f 01       		.uleb128 0x1
 1059 0480 31       		.byte	0x31
 1060 0481 00       		.byte	0
 1061 0482 0C       		.uleb128 0xc
 1062 0483 3A010000 		.4byte	.LVL56
 1063 0487 C9060000 		.4byte	0x6c9
 1064 048b 95040000 		.4byte	0x495
 1065 048f 0D       		.uleb128 0xd
 1066 0490 01       		.uleb128 0x1
 1067 0491 50       		.byte	0x50
 1068 0492 01       		.uleb128 0x1
 1069 0493 30       		.byte	0x30
 1070 0494 00       		.byte	0
 1071 0495 0C       		.uleb128 0xc
 1072 0496 40010000 		.4byte	.LVL57
 1073 049a D4060000 		.4byte	0x6d4
 1074 049e A8040000 		.4byte	0x4a8
 1075 04a2 0D       		.uleb128 0xd
 1076 04a3 01       		.uleb128 0x1
 1077 04a4 50       		.byte	0x50
 1078 04a5 01       		.uleb128 0x1
 1079 04a6 31       		.byte	0x31
 1080 04a7 00       		.byte	0
 1081 04a8 0C       		.uleb128 0xc
 1082 04a9 46010000 		.4byte	.LVL58
 1083 04ad DF060000 		.4byte	0x6df
 1084 04b1 BB040000 		.4byte	0x4bb
 1085 04b5 0D       		.uleb128 0xd
 1086 04b6 01       		.uleb128 0x1
 1087 04b7 50       		.byte	0x50
 1088 04b8 01       		.uleb128 0x1
 1089 04b9 31       		.byte	0x31
 1090 04ba 00       		.byte	0
 1091 04bb 0C       		.uleb128 0xc
 1092 04bc 4E010000 		.4byte	.LVL59
 1093 04c0 BE060000 		.4byte	0x6be
 1094 04c4 CE040000 		.4byte	0x4ce
 1095 04c8 0D       		.uleb128 0xd
 1096 04c9 01       		.uleb128 0x1
 1097 04ca 50       		.byte	0x50
 1098 04cb 01       		.uleb128 0x1
ARM GAS  C:\Users\PRAJWA~1\AppData\Local\Temp\ccfQCuPW.s 			page 22


 1099 04cc 31       		.byte	0x31
 1100 04cd 00       		.byte	0
 1101 04ce 0C       		.uleb128 0xc
 1102 04cf 54010000 		.4byte	.LVL60
 1103 04d3 C9060000 		.4byte	0x6c9
 1104 04d7 E1040000 		.4byte	0x4e1
 1105 04db 0D       		.uleb128 0xd
 1106 04dc 01       		.uleb128 0x1
 1107 04dd 50       		.byte	0x50
 1108 04de 01       		.uleb128 0x1
 1109 04df 31       		.byte	0x31
 1110 04e0 00       		.byte	0
 1111 04e1 0C       		.uleb128 0xc
 1112 04e2 5A010000 		.4byte	.LVL61
 1113 04e6 D4060000 		.4byte	0x6d4
 1114 04ea F4040000 		.4byte	0x4f4
 1115 04ee 0D       		.uleb128 0xd
 1116 04ef 01       		.uleb128 0x1
 1117 04f0 50       		.byte	0x50
 1118 04f1 01       		.uleb128 0x1
 1119 04f2 30       		.byte	0x30
 1120 04f3 00       		.byte	0
 1121 04f4 0C       		.uleb128 0xc
 1122 04f5 60010000 		.4byte	.LVL62
 1123 04f9 DF060000 		.4byte	0x6df
 1124 04fd 07050000 		.4byte	0x507
 1125 0501 0D       		.uleb128 0xd
 1126 0502 01       		.uleb128 0x1
 1127 0503 50       		.byte	0x50
 1128 0504 01       		.uleb128 0x1
 1129 0505 30       		.byte	0x30
 1130 0506 00       		.byte	0
 1131 0507 0C       		.uleb128 0xc
 1132 0508 68010000 		.4byte	.LVL63
 1133 050c BE060000 		.4byte	0x6be
 1134 0510 1A050000 		.4byte	0x51a
 1135 0514 0D       		.uleb128 0xd
 1136 0515 01       		.uleb128 0x1
 1137 0516 50       		.byte	0x50
 1138 0517 01       		.uleb128 0x1
 1139 0518 31       		.byte	0x31
 1140 0519 00       		.byte	0
 1141 051a 0C       		.uleb128 0xc
 1142 051b 6E010000 		.4byte	.LVL64
 1143 051f C9060000 		.4byte	0x6c9
 1144 0523 2D050000 		.4byte	0x52d
 1145 0527 0D       		.uleb128 0xd
 1146 0528 01       		.uleb128 0x1
 1147 0529 50       		.byte	0x50
 1148 052a 01       		.uleb128 0x1
 1149 052b 31       		.byte	0x31
 1150 052c 00       		.byte	0
 1151 052d 0C       		.uleb128 0xc
 1152 052e 74010000 		.4byte	.LVL65
 1153 0532 D4060000 		.4byte	0x6d4
 1154 0536 40050000 		.4byte	0x540
 1155 053a 0D       		.uleb128 0xd
ARM GAS  C:\Users\PRAJWA~1\AppData\Local\Temp\ccfQCuPW.s 			page 23


 1156 053b 01       		.uleb128 0x1
 1157 053c 50       		.byte	0x50
 1158 053d 01       		.uleb128 0x1
 1159 053e 30       		.byte	0x30
 1160 053f 00       		.byte	0
 1161 0540 0C       		.uleb128 0xc
 1162 0541 7A010000 		.4byte	.LVL66
 1163 0545 DF060000 		.4byte	0x6df
 1164 0549 53050000 		.4byte	0x553
 1165 054d 0D       		.uleb128 0xd
 1166 054e 01       		.uleb128 0x1
 1167 054f 50       		.byte	0x50
 1168 0550 01       		.uleb128 0x1
 1169 0551 31       		.byte	0x31
 1170 0552 00       		.byte	0
 1171 0553 0C       		.uleb128 0xc
 1172 0554 82010000 		.4byte	.LVL67
 1173 0558 BE060000 		.4byte	0x6be
 1174 055c 66050000 		.4byte	0x566
 1175 0560 0D       		.uleb128 0xd
 1176 0561 01       		.uleb128 0x1
 1177 0562 50       		.byte	0x50
 1178 0563 01       		.uleb128 0x1
 1179 0564 31       		.byte	0x31
 1180 0565 00       		.byte	0
 1181 0566 0C       		.uleb128 0xc
 1182 0567 88010000 		.4byte	.LVL68
 1183 056b C9060000 		.4byte	0x6c9
 1184 056f 79050000 		.4byte	0x579
 1185 0573 0D       		.uleb128 0xd
 1186 0574 01       		.uleb128 0x1
 1187 0575 50       		.byte	0x50
 1188 0576 01       		.uleb128 0x1
 1189 0577 31       		.byte	0x31
 1190 0578 00       		.byte	0
 1191 0579 0C       		.uleb128 0xc
 1192 057a 8E010000 		.4byte	.LVL69
 1193 057e D4060000 		.4byte	0x6d4
 1194 0582 8C050000 		.4byte	0x58c
 1195 0586 0D       		.uleb128 0xd
 1196 0587 01       		.uleb128 0x1
 1197 0588 50       		.byte	0x50
 1198 0589 01       		.uleb128 0x1
 1199 058a 31       		.byte	0x31
 1200 058b 00       		.byte	0
 1201 058c 0C       		.uleb128 0xc
 1202 058d 94010000 		.4byte	.LVL70
 1203 0591 DF060000 		.4byte	0x6df
 1204 0595 9F050000 		.4byte	0x59f
 1205 0599 0D       		.uleb128 0xd
 1206 059a 01       		.uleb128 0x1
 1207 059b 50       		.byte	0x50
 1208 059c 01       		.uleb128 0x1
 1209 059d 30       		.byte	0x30
 1210 059e 00       		.byte	0
 1211 059f 0C       		.uleb128 0xc
 1212 05a0 9C010000 		.4byte	.LVL71
ARM GAS  C:\Users\PRAJWA~1\AppData\Local\Temp\ccfQCuPW.s 			page 24


 1213 05a4 BE060000 		.4byte	0x6be
 1214 05a8 B2050000 		.4byte	0x5b2
 1215 05ac 0D       		.uleb128 0xd
 1216 05ad 01       		.uleb128 0x1
 1217 05ae 50       		.byte	0x50
 1218 05af 01       		.uleb128 0x1
 1219 05b0 31       		.byte	0x31
 1220 05b1 00       		.byte	0
 1221 05b2 0C       		.uleb128 0xc
 1222 05b3 A2010000 		.4byte	.LVL72
 1223 05b7 C9060000 		.4byte	0x6c9
 1224 05bb C5050000 		.4byte	0x5c5
 1225 05bf 0D       		.uleb128 0xd
 1226 05c0 01       		.uleb128 0x1
 1227 05c1 50       		.byte	0x50
 1228 05c2 01       		.uleb128 0x1
 1229 05c3 31       		.byte	0x31
 1230 05c4 00       		.byte	0
 1231 05c5 0C       		.uleb128 0xc
 1232 05c6 A8010000 		.4byte	.LVL73
 1233 05ca D4060000 		.4byte	0x6d4
 1234 05ce D8050000 		.4byte	0x5d8
 1235 05d2 0D       		.uleb128 0xd
 1236 05d3 01       		.uleb128 0x1
 1237 05d4 50       		.byte	0x50
 1238 05d5 01       		.uleb128 0x1
 1239 05d6 31       		.byte	0x31
 1240 05d7 00       		.byte	0
 1241 05d8 0E       		.uleb128 0xe
 1242 05d9 AE010000 		.4byte	.LVL74
 1243 05dd DF060000 		.4byte	0x6df
 1244 05e1 0D       		.uleb128 0xd
 1245 05e2 01       		.uleb128 0x1
 1246 05e3 50       		.byte	0x50
 1247 05e4 01       		.uleb128 0x1
 1248 05e5 31       		.byte	0x31
 1249 05e6 00       		.byte	0
 1250 05e7 00       		.byte	0
 1251 05e8 0F       		.uleb128 0xf
 1252 05e9 C1000000 		.4byte	.LASF18
 1253 05ed 01       		.byte	0x1
 1254 05ee 47       		.byte	0x47
 1255 05ef 6B000000 		.4byte	0x6b
 1256 05f3 00000000 		.4byte	.LFB37
 1257 05f7 0C000000 		.4byte	.LFE37-.LFB37
 1258 05fb 01       		.uleb128 0x1
 1259 05fc 9C       		.byte	0x9c
 1260 05fd 2C060000 		.4byte	0x62c
 1261 0601 10       		.uleb128 0x10
 1262 0602 4C010000 		.4byte	.LASF19
 1263 0606 01       		.byte	0x1
 1264 0607 48       		.byte	0x48
 1265 0608 6B000000 		.4byte	0x6b
 1266 060c 00       		.byte	0
 1267 060d 11       		.uleb128 0x11
 1268 060e 2E010000 		.4byte	.LASF20
 1269 0612 01       		.byte	0x1
ARM GAS  C:\Users\PRAJWA~1\AppData\Local\Temp\ccfQCuPW.s 			page 25


 1270 0613 48       		.byte	0x48
 1271 0614 6B000000 		.4byte	0x6b
 1272 0618 B3000000 		.4byte	.LLST5
 1273 061c 0E       		.uleb128 0xe
 1274 061d 08000000 		.4byte	.LVL76
 1275 0621 EA060000 		.4byte	0x6ea
 1276 0625 0D       		.uleb128 0xd
 1277 0626 01       		.uleb128 0x1
 1278 0627 50       		.byte	0x50
 1279 0628 01       		.uleb128 0x1
 1280 0629 30       		.byte	0x30
 1281 062a 00       		.byte	0
 1282 062b 00       		.byte	0
 1283 062c 12       		.uleb128 0x12
 1284 062d 0E010000 		.4byte	.LASF36
 1285 0631 01       		.byte	0x1
 1286 0632 53       		.byte	0x53
 1287 0633 5D000000 		.4byte	0x5d
 1288 0637 00000000 		.4byte	.LFB38
 1289 063b 30000000 		.4byte	.LFE38-.LFB38
 1290 063f 01       		.uleb128 0x1
 1291 0640 9C       		.byte	0x9c
 1292 0641 B2060000 		.4byte	0x6b2
 1293 0645 11       		.uleb128 0x11
 1294 0646 4C010000 		.4byte	.LASF19
 1295 064a 01       		.byte	0x1
 1296 064b 57       		.byte	0x57
 1297 064c 6B000000 		.4byte	0x6b
 1298 0650 D2000000 		.4byte	.LLST6
 1299 0654 0A       		.uleb128 0xa
 1300 0655 08000000 		.4byte	.LVL78
 1301 0659 F5060000 		.4byte	0x6f5
 1302 065d 0C       		.uleb128 0xc
 1303 065e 0E000000 		.4byte	.LVL79
 1304 0662 00070000 		.4byte	0x700
 1305 0666 70060000 		.4byte	0x670
 1306 066a 0D       		.uleb128 0xd
 1307 066b 01       		.uleb128 0x1
 1308 066c 50       		.byte	0x50
 1309 066d 01       		.uleb128 0x1
 1310 066e 30       		.byte	0x30
 1311 066f 00       		.byte	0
 1312 0670 0C       		.uleb128 0xc
 1313 0671 14000000 		.4byte	.LVL80
 1314 0675 09010000 		.4byte	0x109
 1315 0679 83060000 		.4byte	0x683
 1316 067d 0D       		.uleb128 0xd
 1317 067e 01       		.uleb128 0x1
 1318 067f 50       		.byte	0x50
 1319 0680 01       		.uleb128 0x1
 1320 0681 30       		.byte	0x30
 1321 0682 00       		.byte	0
 1322 0683 0A       		.uleb128 0xa
 1323 0684 18000000 		.4byte	.LVL81
 1324 0688 0B070000 		.4byte	0x70b
 1325 068c 0A       		.uleb128 0xa
 1326 068d 1C000000 		.4byte	.LVL82
ARM GAS  C:\Users\PRAJWA~1\AppData\Local\Temp\ccfQCuPW.s 			page 26


 1327 0691 16070000 		.4byte	0x716
 1328 0695 0A       		.uleb128 0xa
 1329 0696 20000000 		.4byte	.LVL83
 1330 069a E8050000 		.4byte	0x5e8
 1331 069e 0E       		.uleb128 0xe
 1332 069f 28000000 		.4byte	.LVL85
 1333 06a3 21070000 		.4byte	0x721
 1334 06a7 0D       		.uleb128 0xd
 1335 06a8 01       		.uleb128 0x1
 1336 06a9 50       		.byte	0x50
 1337 06aa 05       		.uleb128 0x5
 1338 06ab 03       		.byte	0x3
 1339 06ac 00000000 		.4byte	.LC1
 1340 06b0 00       		.byte	0
 1341 06b1 00       		.byte	0
 1342 06b2 13       		.uleb128 0x13
 1343 06b3 74000000 		.4byte	.LASF21
 1344 06b7 74000000 		.4byte	.LASF21
 1345 06bb 03       		.byte	0x3
 1346 06bc 4403     		.2byte	0x344
 1347 06be 14       		.uleb128 0x14
 1348 06bf A7000000 		.4byte	.LASF22
 1349 06c3 A7000000 		.4byte	.LASF22
 1350 06c7 04       		.byte	0x4
 1351 06c8 33       		.byte	0x33
 1352 06c9 14       		.uleb128 0x14
 1353 06ca 93000000 		.4byte	.LASF23
 1354 06ce 93000000 		.4byte	.LASF23
 1355 06d2 05       		.byte	0x5
 1356 06d3 33       		.byte	0x33
 1357 06d4 14       		.uleb128 0x14
 1358 06d5 09000000 		.4byte	.LASF24
 1359 06d9 09000000 		.4byte	.LASF24
 1360 06dd 06       		.byte	0x6
 1361 06de 33       		.byte	0x33
 1362 06df 14       		.uleb128 0x14
 1363 06e0 00000000 		.4byte	.LASF25
 1364 06e4 00000000 		.4byte	.LASF25
 1365 06e8 07       		.byte	0x7
 1366 06e9 33       		.byte	0x33
 1367 06ea 14       		.uleb128 0x14
 1368 06eb E9000000 		.4byte	.LASF26
 1369 06ef E9000000 		.4byte	.LASF26
 1370 06f3 08       		.byte	0x8
 1371 06f4 A0       		.byte	0xa0
 1372 06f5 14       		.uleb128 0x14
 1373 06f6 DE000000 		.4byte	.LASF27
 1374 06fa DE000000 		.4byte	.LASF27
 1375 06fe 09       		.byte	0x9
 1376 06ff 72       		.byte	0x72
 1377 0700 14       		.uleb128 0x14
 1378 0701 1C020000 		.4byte	.LASF28
 1379 0705 1C020000 		.4byte	.LASF28
 1380 0709 0A       		.byte	0xa
 1381 070a 33       		.byte	0x33
 1382 070b 14       		.uleb128 0x14
 1383 070c 53010000 		.4byte	.LASF29
ARM GAS  C:\Users\PRAJWA~1\AppData\Local\Temp\ccfQCuPW.s 			page 27


 1384 0710 53010000 		.4byte	.LASF29
 1385 0714 08       		.byte	0x8
 1386 0715 99       		.byte	0x99
 1387 0716 14       		.uleb128 0x14
 1388 0717 B0000000 		.4byte	.LASF30
 1389 071b B0000000 		.4byte	.LASF30
 1390 071f 08       		.byte	0x8
 1391 0720 9D       		.byte	0x9d
 1392 0721 14       		.uleb128 0x14
 1393 0722 15020000 		.4byte	.LASF31
 1394 0726 15020000 		.4byte	.LASF31
 1395 072a 0B       		.byte	0xb
 1396 072b BB       		.byte	0xbb
 1397 072c 00       		.byte	0
 1398              		.section	.debug_abbrev,"",%progbits
 1399              	.Ldebug_abbrev0:
 1400 0000 01       		.uleb128 0x1
 1401 0001 11       		.uleb128 0x11
 1402 0002 01       		.byte	0x1
 1403 0003 25       		.uleb128 0x25
 1404 0004 0E       		.uleb128 0xe
 1405 0005 13       		.uleb128 0x13
 1406 0006 0B       		.uleb128 0xb
 1407 0007 03       		.uleb128 0x3
 1408 0008 0E       		.uleb128 0xe
 1409 0009 1B       		.uleb128 0x1b
 1410 000a 0E       		.uleb128 0xe
 1411 000b 55       		.uleb128 0x55
 1412 000c 17       		.uleb128 0x17
 1413 000d 11       		.uleb128 0x11
 1414 000e 01       		.uleb128 0x1
 1415 000f 10       		.uleb128 0x10
 1416 0010 17       		.uleb128 0x17
 1417 0011 00       		.byte	0
 1418 0012 00       		.byte	0
 1419 0013 02       		.uleb128 0x2
 1420 0014 24       		.uleb128 0x24
 1421 0015 00       		.byte	0
 1422 0016 0B       		.uleb128 0xb
 1423 0017 0B       		.uleb128 0xb
 1424 0018 3E       		.uleb128 0x3e
 1425 0019 0B       		.uleb128 0xb
 1426 001a 03       		.uleb128 0x3
 1427 001b 0E       		.uleb128 0xe
 1428 001c 00       		.byte	0
 1429 001d 00       		.byte	0
 1430 001e 03       		.uleb128 0x3
 1431 001f 24       		.uleb128 0x24
 1432 0020 00       		.byte	0
 1433 0021 0B       		.uleb128 0xb
 1434 0022 0B       		.uleb128 0xb
 1435 0023 3E       		.uleb128 0x3e
 1436 0024 0B       		.uleb128 0xb
 1437 0025 03       		.uleb128 0x3
 1438 0026 08       		.uleb128 0x8
 1439 0027 00       		.byte	0
 1440 0028 00       		.byte	0
ARM GAS  C:\Users\PRAJWA~1\AppData\Local\Temp\ccfQCuPW.s 			page 28


 1441 0029 04       		.uleb128 0x4
 1442 002a 16       		.uleb128 0x16
 1443 002b 00       		.byte	0
 1444 002c 03       		.uleb128 0x3
 1445 002d 0E       		.uleb128 0xe
 1446 002e 3A       		.uleb128 0x3a
 1447 002f 0B       		.uleb128 0xb
 1448 0030 3B       		.uleb128 0x3b
 1449 0031 05       		.uleb128 0x5
 1450 0032 49       		.uleb128 0x49
 1451 0033 13       		.uleb128 0x13
 1452 0034 00       		.byte	0
 1453 0035 00       		.byte	0
 1454 0036 05       		.uleb128 0x5
 1455 0037 0F       		.uleb128 0xf
 1456 0038 00       		.byte	0
 1457 0039 0B       		.uleb128 0xb
 1458 003a 0B       		.uleb128 0xb
 1459 003b 49       		.uleb128 0x49
 1460 003c 13       		.uleb128 0x13
 1461 003d 00       		.byte	0
 1462 003e 00       		.byte	0
 1463 003f 06       		.uleb128 0x6
 1464 0040 2E       		.uleb128 0x2e
 1465 0041 01       		.byte	0x1
 1466 0042 3F       		.uleb128 0x3f
 1467 0043 19       		.uleb128 0x19
 1468 0044 03       		.uleb128 0x3
 1469 0045 0E       		.uleb128 0xe
 1470 0046 3A       		.uleb128 0x3a
 1471 0047 0B       		.uleb128 0xb
 1472 0048 3B       		.uleb128 0x3b
 1473 0049 0B       		.uleb128 0xb
 1474 004a 27       		.uleb128 0x27
 1475 004b 19       		.uleb128 0x19
 1476 004c 49       		.uleb128 0x49
 1477 004d 13       		.uleb128 0x13
 1478 004e 11       		.uleb128 0x11
 1479 004f 01       		.uleb128 0x1
 1480 0050 12       		.uleb128 0x12
 1481 0051 06       		.uleb128 0x6
 1482 0052 40       		.uleb128 0x40
 1483 0053 18       		.uleb128 0x18
 1484 0054 9742     		.uleb128 0x2117
 1485 0056 19       		.uleb128 0x19
 1486 0057 01       		.uleb128 0x1
 1487 0058 13       		.uleb128 0x13
 1488 0059 00       		.byte	0
 1489 005a 00       		.byte	0
 1490 005b 07       		.uleb128 0x7
 1491 005c 05       		.uleb128 0x5
 1492 005d 00       		.byte	0
 1493 005e 03       		.uleb128 0x3
 1494 005f 0E       		.uleb128 0xe
 1495 0060 3A       		.uleb128 0x3a
 1496 0061 0B       		.uleb128 0xb
 1497 0062 3B       		.uleb128 0x3b
ARM GAS  C:\Users\PRAJWA~1\AppData\Local\Temp\ccfQCuPW.s 			page 29


 1498 0063 0B       		.uleb128 0xb
 1499 0064 49       		.uleb128 0x49
 1500 0065 13       		.uleb128 0x13
 1501 0066 02       		.uleb128 0x2
 1502 0067 17       		.uleb128 0x17
 1503 0068 00       		.byte	0
 1504 0069 00       		.byte	0
 1505 006a 08       		.uleb128 0x8
 1506 006b 05       		.uleb128 0x5
 1507 006c 00       		.byte	0
 1508 006d 03       		.uleb128 0x3
 1509 006e 08       		.uleb128 0x8
 1510 006f 3A       		.uleb128 0x3a
 1511 0070 0B       		.uleb128 0xb
 1512 0071 3B       		.uleb128 0x3b
 1513 0072 0B       		.uleb128 0xb
 1514 0073 49       		.uleb128 0x49
 1515 0074 13       		.uleb128 0x13
 1516 0075 02       		.uleb128 0x2
 1517 0076 17       		.uleb128 0x17
 1518 0077 00       		.byte	0
 1519 0078 00       		.byte	0
 1520 0079 09       		.uleb128 0x9
 1521 007a 34       		.uleb128 0x34
 1522 007b 00       		.byte	0
 1523 007c 03       		.uleb128 0x3
 1524 007d 08       		.uleb128 0x8
 1525 007e 3A       		.uleb128 0x3a
 1526 007f 0B       		.uleb128 0xb
 1527 0080 3B       		.uleb128 0x3b
 1528 0081 0B       		.uleb128 0xb
 1529 0082 49       		.uleb128 0x49
 1530 0083 13       		.uleb128 0x13
 1531 0084 02       		.uleb128 0x2
 1532 0085 17       		.uleb128 0x17
 1533 0086 00       		.byte	0
 1534 0087 00       		.byte	0
 1535 0088 0A       		.uleb128 0xa
 1536 0089 898201   		.uleb128 0x4109
 1537 008c 00       		.byte	0
 1538 008d 11       		.uleb128 0x11
 1539 008e 01       		.uleb128 0x1
 1540 008f 31       		.uleb128 0x31
 1541 0090 13       		.uleb128 0x13
 1542 0091 00       		.byte	0
 1543 0092 00       		.byte	0
 1544 0093 0B       		.uleb128 0xb
 1545 0094 2E       		.uleb128 0x2e
 1546 0095 01       		.byte	0x1
 1547 0096 3F       		.uleb128 0x3f
 1548 0097 19       		.uleb128 0x19
 1549 0098 03       		.uleb128 0x3
 1550 0099 0E       		.uleb128 0xe
 1551 009a 3A       		.uleb128 0x3a
 1552 009b 0B       		.uleb128 0xb
 1553 009c 3B       		.uleb128 0x3b
 1554 009d 0B       		.uleb128 0xb
ARM GAS  C:\Users\PRAJWA~1\AppData\Local\Temp\ccfQCuPW.s 			page 30


 1555 009e 27       		.uleb128 0x27
 1556 009f 19       		.uleb128 0x19
 1557 00a0 11       		.uleb128 0x11
 1558 00a1 01       		.uleb128 0x1
 1559 00a2 12       		.uleb128 0x12
 1560 00a3 06       		.uleb128 0x6
 1561 00a4 40       		.uleb128 0x40
 1562 00a5 18       		.uleb128 0x18
 1563 00a6 9742     		.uleb128 0x2117
 1564 00a8 19       		.uleb128 0x19
 1565 00a9 01       		.uleb128 0x1
 1566 00aa 13       		.uleb128 0x13
 1567 00ab 00       		.byte	0
 1568 00ac 00       		.byte	0
 1569 00ad 0C       		.uleb128 0xc
 1570 00ae 898201   		.uleb128 0x4109
 1571 00b1 01       		.byte	0x1
 1572 00b2 11       		.uleb128 0x11
 1573 00b3 01       		.uleb128 0x1
 1574 00b4 31       		.uleb128 0x31
 1575 00b5 13       		.uleb128 0x13
 1576 00b6 01       		.uleb128 0x1
 1577 00b7 13       		.uleb128 0x13
 1578 00b8 00       		.byte	0
 1579 00b9 00       		.byte	0
 1580 00ba 0D       		.uleb128 0xd
 1581 00bb 8A8201   		.uleb128 0x410a
 1582 00be 00       		.byte	0
 1583 00bf 02       		.uleb128 0x2
 1584 00c0 18       		.uleb128 0x18
 1585 00c1 9142     		.uleb128 0x2111
 1586 00c3 18       		.uleb128 0x18
 1587 00c4 00       		.byte	0
 1588 00c5 00       		.byte	0
 1589 00c6 0E       		.uleb128 0xe
 1590 00c7 898201   		.uleb128 0x4109
 1591 00ca 01       		.byte	0x1
 1592 00cb 11       		.uleb128 0x11
 1593 00cc 01       		.uleb128 0x1
 1594 00cd 31       		.uleb128 0x31
 1595 00ce 13       		.uleb128 0x13
 1596 00cf 00       		.byte	0
 1597 00d0 00       		.byte	0
 1598 00d1 0F       		.uleb128 0xf
 1599 00d2 2E       		.uleb128 0x2e
 1600 00d3 01       		.byte	0x1
 1601 00d4 3F       		.uleb128 0x3f
 1602 00d5 19       		.uleb128 0x19
 1603 00d6 03       		.uleb128 0x3
 1604 00d7 0E       		.uleb128 0xe
 1605 00d8 3A       		.uleb128 0x3a
 1606 00d9 0B       		.uleb128 0xb
 1607 00da 3B       		.uleb128 0x3b
 1608 00db 0B       		.uleb128 0xb
 1609 00dc 49       		.uleb128 0x49
 1610 00dd 13       		.uleb128 0x13
 1611 00de 11       		.uleb128 0x11
ARM GAS  C:\Users\PRAJWA~1\AppData\Local\Temp\ccfQCuPW.s 			page 31


 1612 00df 01       		.uleb128 0x1
 1613 00e0 12       		.uleb128 0x12
 1614 00e1 06       		.uleb128 0x6
 1615 00e2 40       		.uleb128 0x40
 1616 00e3 18       		.uleb128 0x18
 1617 00e4 9742     		.uleb128 0x2117
 1618 00e6 19       		.uleb128 0x19
 1619 00e7 01       		.uleb128 0x1
 1620 00e8 13       		.uleb128 0x13
 1621 00e9 00       		.byte	0
 1622 00ea 00       		.byte	0
 1623 00eb 10       		.uleb128 0x10
 1624 00ec 34       		.uleb128 0x34
 1625 00ed 00       		.byte	0
 1626 00ee 03       		.uleb128 0x3
 1627 00ef 0E       		.uleb128 0xe
 1628 00f0 3A       		.uleb128 0x3a
 1629 00f1 0B       		.uleb128 0xb
 1630 00f2 3B       		.uleb128 0x3b
 1631 00f3 0B       		.uleb128 0xb
 1632 00f4 49       		.uleb128 0x49
 1633 00f5 13       		.uleb128 0x13
 1634 00f6 1C       		.uleb128 0x1c
 1635 00f7 0B       		.uleb128 0xb
 1636 00f8 00       		.byte	0
 1637 00f9 00       		.byte	0
 1638 00fa 11       		.uleb128 0x11
 1639 00fb 34       		.uleb128 0x34
 1640 00fc 00       		.byte	0
 1641 00fd 03       		.uleb128 0x3
 1642 00fe 0E       		.uleb128 0xe
 1643 00ff 3A       		.uleb128 0x3a
 1644 0100 0B       		.uleb128 0xb
 1645 0101 3B       		.uleb128 0x3b
 1646 0102 0B       		.uleb128 0xb
 1647 0103 49       		.uleb128 0x49
 1648 0104 13       		.uleb128 0x13
 1649 0105 02       		.uleb128 0x2
 1650 0106 17       		.uleb128 0x17
 1651 0107 00       		.byte	0
 1652 0108 00       		.byte	0
 1653 0109 12       		.uleb128 0x12
 1654 010a 2E       		.uleb128 0x2e
 1655 010b 01       		.byte	0x1
 1656 010c 3F       		.uleb128 0x3f
 1657 010d 19       		.uleb128 0x19
 1658 010e 03       		.uleb128 0x3
 1659 010f 0E       		.uleb128 0xe
 1660 0110 3A       		.uleb128 0x3a
 1661 0111 0B       		.uleb128 0xb
 1662 0112 3B       		.uleb128 0x3b
 1663 0113 0B       		.uleb128 0xb
 1664 0114 27       		.uleb128 0x27
 1665 0115 19       		.uleb128 0x19
 1666 0116 49       		.uleb128 0x49
 1667 0117 13       		.uleb128 0x13
 1668 0118 8701     		.uleb128 0x87
ARM GAS  C:\Users\PRAJWA~1\AppData\Local\Temp\ccfQCuPW.s 			page 32


 1669 011a 19       		.uleb128 0x19
 1670 011b 11       		.uleb128 0x11
 1671 011c 01       		.uleb128 0x1
 1672 011d 12       		.uleb128 0x12
 1673 011e 06       		.uleb128 0x6
 1674 011f 40       		.uleb128 0x40
 1675 0120 18       		.uleb128 0x18
 1676 0121 9742     		.uleb128 0x2117
 1677 0123 19       		.uleb128 0x19
 1678 0124 01       		.uleb128 0x1
 1679 0125 13       		.uleb128 0x13
 1680 0126 00       		.byte	0
 1681 0127 00       		.byte	0
 1682 0128 13       		.uleb128 0x13
 1683 0129 2E       		.uleb128 0x2e
 1684 012a 00       		.byte	0
 1685 012b 3F       		.uleb128 0x3f
 1686 012c 19       		.uleb128 0x19
 1687 012d 3C       		.uleb128 0x3c
 1688 012e 19       		.uleb128 0x19
 1689 012f 6E       		.uleb128 0x6e
 1690 0130 0E       		.uleb128 0xe
 1691 0131 03       		.uleb128 0x3
 1692 0132 0E       		.uleb128 0xe
 1693 0133 3A       		.uleb128 0x3a
 1694 0134 0B       		.uleb128 0xb
 1695 0135 3B       		.uleb128 0x3b
 1696 0136 05       		.uleb128 0x5
 1697 0137 00       		.byte	0
 1698 0138 00       		.byte	0
 1699 0139 14       		.uleb128 0x14
 1700 013a 2E       		.uleb128 0x2e
 1701 013b 00       		.byte	0
 1702 013c 3F       		.uleb128 0x3f
 1703 013d 19       		.uleb128 0x19
 1704 013e 3C       		.uleb128 0x3c
 1705 013f 19       		.uleb128 0x19
 1706 0140 6E       		.uleb128 0x6e
 1707 0141 0E       		.uleb128 0xe
 1708 0142 03       		.uleb128 0x3
 1709 0143 0E       		.uleb128 0xe
 1710 0144 3A       		.uleb128 0x3a
 1711 0145 0B       		.uleb128 0xb
 1712 0146 3B       		.uleb128 0x3b
 1713 0147 0B       		.uleb128 0xb
 1714 0148 00       		.byte	0
 1715 0149 00       		.byte	0
 1716 014a 00       		.byte	0
 1717              		.section	.debug_loc,"",%progbits
 1718              	.Ldebug_loc0:
 1719              	.LLST0:
 1720 0000 00000000 		.4byte	.LVL0
 1721 0004 08000000 		.4byte	.LVL2
 1722 0008 0100     		.2byte	0x1
 1723 000a 50       		.byte	0x50
 1724 000b 08000000 		.4byte	.LVL2
 1725 000f 1C000000 		.4byte	.LFE35
ARM GAS  C:\Users\PRAJWA~1\AppData\Local\Temp\ccfQCuPW.s 			page 33


 1726 0013 0400     		.2byte	0x4
 1727 0015 F3       		.byte	0xf3
 1728 0016 01       		.uleb128 0x1
 1729 0017 50       		.byte	0x50
 1730 0018 9F       		.byte	0x9f
 1731 0019 00000000 		.4byte	0
 1732 001d 00000000 		.4byte	0
 1733              	.LLST1:
 1734 0021 00000000 		.4byte	.LVL0
 1735 0025 0A000000 		.4byte	.LVL3
 1736 0029 0100     		.2byte	0x1
 1737 002b 51       		.byte	0x51
 1738 002c 0A000000 		.4byte	.LVL3
 1739 0030 14000000 		.4byte	.LVL6
 1740 0034 0100     		.2byte	0x1
 1741 0036 55       		.byte	0x55
 1742 0037 14000000 		.4byte	.LVL6
 1743 003b 1C000000 		.4byte	.LFE35
 1744 003f 0100     		.2byte	0x1
 1745 0041 51       		.byte	0x51
 1746 0042 00000000 		.4byte	0
 1747 0046 00000000 		.4byte	0
 1748              	.LLST2:
 1749 004a 00000000 		.4byte	.LVL0
 1750 004e 08000000 		.4byte	.LVL2
 1751 0052 0100     		.2byte	0x1
 1752 0054 52       		.byte	0x52
 1753 0055 08000000 		.4byte	.LVL2
 1754 0059 1A000000 		.4byte	.LVL8
 1755 005d 0100     		.2byte	0x1
 1756 005f 56       		.byte	0x56
 1757 0060 1A000000 		.4byte	.LVL8
 1758 0064 1C000000 		.4byte	.LFE35
 1759 0068 0100     		.2byte	0x1
 1760 006a 50       		.byte	0x50
 1761 006b 00000000 		.4byte	0
 1762 006f 00000000 		.4byte	0
 1763              	.LLST3:
 1764 0073 04000000 		.4byte	.LVL1
 1765 0077 08000000 		.4byte	.LVL2
 1766 007b 0200     		.2byte	0x2
 1767 007d 30       		.byte	0x30
 1768 007e 9F       		.byte	0x9f
 1769 007f 08000000 		.4byte	.LVL2
 1770 0083 1A000000 		.4byte	.LVL7
 1771 0087 0100     		.2byte	0x1
 1772 0089 54       		.byte	0x54
 1773 008a 00000000 		.4byte	0
 1774 008e 00000000 		.4byte	0
 1775              	.LLST4:
 1776 0092 00000000 		.4byte	.LVL9
 1777 0096 0A000000 		.4byte	.LVL10
 1778 009a 0100     		.2byte	0x1
 1779 009c 50       		.byte	0x50
 1780 009d 0A000000 		.4byte	.LVL10
 1781 00a1 B4010000 		.4byte	.LFE36
 1782 00a5 0400     		.2byte	0x4
ARM GAS  C:\Users\PRAJWA~1\AppData\Local\Temp\ccfQCuPW.s 			page 34


 1783 00a7 F3       		.byte	0xf3
 1784 00a8 01       		.uleb128 0x1
 1785 00a9 50       		.byte	0x50
 1786 00aa 9F       		.byte	0x9f
 1787 00ab 00000000 		.4byte	0
 1788 00af 00000000 		.4byte	0
 1789              	.LLST5:
 1790 00b3 02000000 		.4byte	.LVL75
 1791 00b7 0A000000 		.4byte	.LVL77
 1792 00bb 0200     		.2byte	0x2
 1793 00bd 30       		.byte	0x30
 1794 00be 9F       		.byte	0x9f
 1795 00bf 0A000000 		.4byte	.LVL77
 1796 00c3 0C000000 		.4byte	.LFE37
 1797 00c7 0100     		.2byte	0x1
 1798 00c9 50       		.byte	0x50
 1799 00ca 00000000 		.4byte	0
 1800 00ce 00000000 		.4byte	0
 1801              	.LLST6:
 1802 00d2 22000000 		.4byte	.LVL84
 1803 00d6 27000000 		.4byte	.LVL85-1
 1804 00da 0100     		.2byte	0x1
 1805 00dc 51       		.byte	0x51
 1806 00dd 00000000 		.4byte	0
 1807 00e1 00000000 		.4byte	0
 1808              		.section	.debug_aranges,"",%progbits
 1809 0000 34000000 		.4byte	0x34
 1810 0004 0200     		.2byte	0x2
 1811 0006 00000000 		.4byte	.Ldebug_info0
 1812 000a 04       		.byte	0x4
 1813 000b 00       		.byte	0
 1814 000c 0000     		.2byte	0
 1815 000e 0000     		.2byte	0
 1816 0010 00000000 		.4byte	.LFB35
 1817 0014 1C000000 		.4byte	.LFE35-.LFB35
 1818 0018 00000000 		.4byte	.LFB36
 1819 001c B4010000 		.4byte	.LFE36-.LFB36
 1820 0020 00000000 		.4byte	.LFB37
 1821 0024 0C000000 		.4byte	.LFE37-.LFB37
 1822 0028 00000000 		.4byte	.LFB38
 1823 002c 30000000 		.4byte	.LFE38-.LFB38
 1824 0030 00000000 		.4byte	0
 1825 0034 00000000 		.4byte	0
 1826              		.section	.debug_ranges,"",%progbits
 1827              	.Ldebug_ranges0:
 1828 0000 00000000 		.4byte	.LFB35
 1829 0004 1C000000 		.4byte	.LFE35
 1830 0008 00000000 		.4byte	.LFB36
 1831 000c B4010000 		.4byte	.LFE36
 1832 0010 00000000 		.4byte	.LFB37
 1833 0014 0C000000 		.4byte	.LFE37
 1834 0018 00000000 		.4byte	.LFB38
 1835 001c 30000000 		.4byte	.LFE38
 1836 0020 00000000 		.4byte	0
 1837 0024 00000000 		.4byte	0
 1838              		.section	.debug_line,"",%progbits
 1839              	.Ldebug_line0:
ARM GAS  C:\Users\PRAJWA~1\AppData\Local\Temp\ccfQCuPW.s 			page 35


 1840 0000 82010000 		.section	.debug_str,"MS",%progbits,1
 1840      02000401 
 1840      00000201 
 1840      FB0E0D00 
 1840      01010101 
 1841              	.LASF25:
 1842 0000 53305F57 		.ascii	"S0_Write\000"
 1842      72697465 
 1842      00
 1843              	.LASF24:
 1844 0009 53315F57 		.ascii	"S1_Write\000"
 1844      72697465 
 1844      00
 1845              	.LASF34:
 1846 0012 433A5C55 		.ascii	"C:\\Users\\Prajwal Trachealth\\Documents\\PSoC Crea"
 1846      73657273 
 1846      5C507261 
 1846      6A77616C 
 1846      20547261 
 1847 0041 746F725C 		.ascii	"tor\\E-Lagori PSoC 11th April 2023\\analogRead.cyds"
 1847      452D4C61 
 1847      676F7269 
 1847      2050536F 
 1847      43203131 
 1848 0072 6E00     		.ascii	"n\000"
 1849              	.LASF21:
 1850 0074 55415254 		.ascii	"UART_SpiUartWriteTxData\000"
 1850      5F537069 
 1850      55617274 
 1850      57726974 
 1850      65547844 
 1851              	.LASF17:
 1852 008c 7365746D 		.ascii	"setmux\000"
 1852      757800
 1853              	.LASF23:
 1854 0093 53325F57 		.ascii	"S2_Write\000"
 1854      72697465 
 1854      00
 1855              	.LASF11:
 1856 009c 666C6F61 		.ascii	"float\000"
 1856      7400
 1857              	.LASF16:
 1858 00a2 66696C65 		.ascii	"file\000"
 1858      00
 1859              	.LASF22:
 1860 00a7 53335F57 		.ascii	"S3_Write\000"
 1860      72697465 
 1860      00
 1861              	.LASF30:
 1862 00b0 4144435F 		.ascii	"ADC_StartConvert\000"
 1862      53746172 
 1862      74436F6E 
 1862      76657274 
 1862      00
 1863              	.LASF18:
 1864 00c1 616E616C 		.ascii	"analogRead\000"
 1864      6F675265 
ARM GAS  C:\Users\PRAJWA~1\AppData\Local\Temp\ccfQCuPW.s 			page 36


 1864      616400
 1865              	.LASF5:
 1866 00cc 6C6F6E67 		.ascii	"long unsigned int\000"
 1866      20756E73 
 1866      69676E65 
 1866      6420696E 
 1866      7400
 1867              	.LASF27:
 1868 00de 55415254 		.ascii	"UART_Start\000"
 1868      5F537461 
 1868      727400
 1869              	.LASF26:
 1870 00e9 4144435F 		.ascii	"ADC_GetResult16\000"
 1870      47657452 
 1870      6573756C 
 1870      74313600 
 1871              	.LASF1:
 1872 00f9 756E7369 		.ascii	"unsigned char\000"
 1872      676E6564 
 1872      20636861 
 1872      7200
 1873              	.LASF12:
 1874 0107 646F7562 		.ascii	"double\000"
 1874      6C6500
 1875              	.LASF36:
 1876 010e 6D61696E 		.ascii	"main\000"
 1876      00
 1877              	.LASF9:
 1878 0113 75696E74 		.ascii	"uint16\000"
 1878      313600
 1879              	.LASF10:
 1880 011a 75696E74 		.ascii	"uint32\000"
 1880      333200
 1881              	.LASF8:
 1882 0121 756E7369 		.ascii	"unsigned int\000"
 1882      676E6564 
 1882      20696E74 
 1882      00
 1883              	.LASF20:
 1884 012e 636F756E 		.ascii	"counts\000"
 1884      747300
 1885              	.LASF7:
 1886 0135 6C6F6E67 		.ascii	"long long unsigned int\000"
 1886      206C6F6E 
 1886      6720756E 
 1886      7369676E 
 1886      65642069 
 1887              	.LASF19:
 1888 014c 72657375 		.ascii	"result\000"
 1888      6C7400
 1889              	.LASF29:
 1890 0153 4144435F 		.ascii	"ADC_Start\000"
 1890      53746172 
 1890      7400
 1891              	.LASF32:
 1892 015d 474E5520 		.ascii	"GNU C11 5.4.1 20160609 (release) [ARM/embedded-5-br"
 1892      43313120 
ARM GAS  C:\Users\PRAJWA~1\AppData\Local\Temp\ccfQCuPW.s 			page 37


 1892      352E342E 
 1892      31203230 
 1892      31363036 
 1893 0190 616E6368 		.ascii	"anch revision 237715] -mcpu=cortex-m0 -mthumb -g -O"
 1893      20726576 
 1893      6973696F 
 1893      6E203233 
 1893      37373135 
 1894 01c3 67202D66 		.ascii	"g -ffunction-sections -ffat-lto-objects\000"
 1894      66756E63 
 1894      74696F6E 
 1894      2D736563 
 1894      74696F6E 
 1895              	.LASF35:
 1896 01eb 5F777269 		.ascii	"_write\000"
 1896      746500
 1897              	.LASF15:
 1898 01f2 73697A65 		.ascii	"sizetype\000"
 1898      74797065 
 1898      00
 1899              	.LASF6:
 1900 01fb 6C6F6E67 		.ascii	"long long int\000"
 1900      206C6F6E 
 1900      6720696E 
 1900      7400
 1901              	.LASF33:
 1902 0209 6D61696E 		.ascii	"main.c\000"
 1902      2E6300
 1903              	.LASF13:
 1904 0210 63686172 		.ascii	"char\000"
 1904      00
 1905              	.LASF31:
 1906 0215 7072696E 		.ascii	"printf\000"
 1906      746600
 1907              	.LASF28:
 1908 021c 4354524C 		.ascii	"CTRL_Write\000"
 1908      5F577269 
 1908      746500
 1909              	.LASF2:
 1910 0227 73686F72 		.ascii	"short int\000"
 1910      7420696E 
 1910      7400
 1911              	.LASF4:
 1912 0231 6C6F6E67 		.ascii	"long int\000"
 1912      20696E74 
 1912      00
 1913              	.LASF14:
 1914 023a 6C6F6E67 		.ascii	"long double\000"
 1914      20646F75 
 1914      626C6500 
 1915              	.LASF0:
 1916 0246 7369676E 		.ascii	"signed char\000"
 1916      65642063 
 1916      68617200 
 1917              	.LASF3:
 1918 0252 73686F72 		.ascii	"short unsigned int\000"
 1918      7420756E 
ARM GAS  C:\Users\PRAJWA~1\AppData\Local\Temp\ccfQCuPW.s 			page 38


 1918      7369676E 
 1918      65642069 
 1918      6E7400
 1919              		.ident	"GCC: (GNU Tools for ARM Embedded Processors) 5.4.1 20160609 (release) [ARM/embedded-5-bran
