--------------- Rebuild Started: 06/30/2023 12:07:57 Project: analogRead, Configuration: ARM GCC 5.4-2016-q2-update Debug ---------------
Deleting file ".\CortexM0\ARM_GCC_541\Debug\main.o"
Deleting file ".\CortexM0\ARM_GCC_541\Debug\cyfitter_cfg.o"
Deleting file ".\CortexM0\ARM_GCC_541\Debug\cymetadata.o"
Deleting file ".\CortexM0\ARM_GCC_541\Debug\ADC_Pin.o"
Deleting file ".\CortexM0\ARM_GCC_541\Debug\ADC_Pin_PM.o"
Deleting file ".\CortexM0\ARM_GCC_541\Debug\Cm0Start.o"
Deleting file ".\CortexM0\ARM_GCC_541\Debug\CyFlash.o"
Deleting file ".\CortexM0\ARM_GCC_541\Debug\CyLib.o"
Deleting file ".\CortexM0\ARM_GCC_541\Debug\cyPm.o"
Deleting file ".\CortexM0\ARM_GCC_541\Debug\cyutils.o"
Deleting file ".\CortexM0\ARM_GCC_541\Debug\CyBootAsmGnu.o"
Deleting file ".\CortexM0\ARM_GCC_541\Debug\CyDMA.o"
Deleting file ".\CortexM0\ARM_GCC_541\Debug\CyLFClk.o"
Deleting file ".\CortexM0\ARM_GCC_541\Debug\cy_em_eeprom.o"
Deleting file ".\CortexM0\ARM_GCC_541\Debug\ADC.o"
Deleting file ".\CortexM0\ARM_GCC_541\Debug\ADC_PM.o"
Deleting file ".\CortexM0\ARM_GCC_541\Debug\ADC_INT.o"
Deleting file ".\CortexM0\ARM_GCC_541\Debug\ADC_IRQ.o"
Deleting file ".\CortexM0\ARM_GCC_541\Debug\ADC_intClock.o"
Deleting file ".\CortexM0\ARM_GCC_541\Debug\S0.o"
Deleting file ".\CortexM0\ARM_GCC_541\Debug\S0_PM.o"
Deleting file ".\CortexM0\ARM_GCC_541\Debug\S1.o"
Deleting file ".\CortexM0\ARM_GCC_541\Debug\S1_PM.o"
Deleting file ".\CortexM0\ARM_GCC_541\Debug\S2.o"
Deleting file ".\CortexM0\ARM_GCC_541\Debug\S2_PM.o"
Deleting file ".\CortexM0\ARM_GCC_541\Debug\S3.o"
Deleting file ".\CortexM0\ARM_GCC_541\Debug\S3_PM.o"
Deleting file ".\CortexM0\ARM_GCC_541\Debug\UART.o"
Deleting file ".\CortexM0\ARM_GCC_541\Debug\UART_SPI_UART.o"
Deleting file ".\CortexM0\ARM_GCC_541\Debug\UART_SPI_UART_INT.o"
Deleting file ".\CortexM0\ARM_GCC_541\Debug\UART_PM.o"
Deleting file ".\CortexM0\ARM_GCC_541\Debug\UART_UART.o"
Deleting file ".\CortexM0\ARM_GCC_541\Debug\UART_BOOT.o"
Deleting file ".\CortexM0\ARM_GCC_541\Debug\UART_UART_BOOT.o"
Deleting file ".\CortexM0\ARM_GCC_541\Debug\UART_SCBCLK.o"
Deleting file ".\CortexM0\ARM_GCC_541\Debug\UART_tx.o"
Deleting file ".\CortexM0\ARM_GCC_541\Debug\UART_tx_PM.o"
Deleting file ".\CortexM0\ARM_GCC_541\Debug\UART_rx.o"
Deleting file ".\CortexM0\ARM_GCC_541\Debug\UART_rx_PM.o"
Deleting file ".\CortexM0\ARM_GCC_541\Debug\CTRL.o"
Deleting file ".\CortexM0\ARM_GCC_541\Debug\CTRL_PM.o"
Deleting file ".\CortexM0\ARM_GCC_541\Debug\analogRead.hex"
Deleting file ".\CortexM0\ARM_GCC_541\Debug\analogRead.elf"
Deleting file ".\CortexM0\ARM_GCC_541\Debug\analogRead.map"
Deleting file ".\analogRead.cycdx"
Deleting file ".\analogRead.svd"
Deleting file ".\analogRead.rpt"
Deleting file ".\analogRead_timing.html"
Deleting file ".\CortexM0\ARM_GCC_541\Debug\.deps\SOURCE_C__ARM_GCC_GENERIC.P"
Deleting file ".\CortexM0\ARM_GCC_541\Debug\.deps\SOURCE_ASM__ARM_GCC_GENERIC.P"
cydsfit.exe -.appdatapath "C:\Users\vc\AppData\Local\Cypress Semiconductor\PSoC Creator\4.4" -.fdsnotice -.fdswarpdepfile=warp_dependencies.txt -.fdselabdepfile=elab_dependencies.txt -.fdsbldfile=generated_files.txt -.fdsreffile=referenced_files.txt -p "C:\Users\vc\Documents\PSoC Creator\E-Lagori PSoC 11th April 2023\analogRead.cydsn\analogRead.cyprj" -d CY8C4247AZS-M485 -s "C:\Users\vc\Documents\PSoC Creator\E-Lagori PSoC 11th April 2023\analogRead.cydsn\Generated_Source\PSoC4" -- -yv2 -q10 -ygs -o2 -v3 -.fftcfgtype=LE
--------------- Rebuild Canceled: 06/30/2023 12:08:15 ---------------
